2023-05-05 18:37:28,158 WARN (NacosLogging.java:64)- Load Logback Configuration of Nacos fail, message: org/slf4j/impl/StaticLoggerBinder
2023-05-05 18:37:28,161 WARN (NacosLogging.java:64)- Load Logback Configuration of Nacos fail, message: org/slf4j/impl/StaticLoggerBinder
2023-05-05 18:37:28,176 INFO (LocalConfigInfoProcessor.java:68)- LOCAL_SNAPSHOT_PATH:C:\Users\41038\nacos\config
2023-05-05 18:37:28,179 INFO (RpcClientFactory.java:94)- [RpcClientFactory] create a new rpc client of 92c8bac6-62f5-40d1-8c06-fa446360c38c_config-0
2023-05-05 18:37:28,190 INFO (LoggerUtils.java:60)- [92c8bac6-62f5-40d1-8c06-fa446360c38c_config-0] Register server push request handler:com.alibaba.nacos.client.config.impl.ClientWorker$ConfigRpcTransportClient$$Lambda$652/0x0000000800fc6910
2023-05-05 18:37:28,190 INFO (LoggerUtils.java:60)- [92c8bac6-62f5-40d1-8c06-fa446360c38c_config-0] Register server push request handler:com.alibaba.nacos.client.config.impl.ClientWorker$ConfigRpcTransportClient$$Lambda$653/0x0000000800fc6d30
2023-05-05 18:37:28,191 INFO (LoggerUtils.java:60)- [92c8bac6-62f5-40d1-8c06-fa446360c38c_config-0] Registry connection listener to current client:com.alibaba.nacos.client.config.impl.ClientWorker$ConfigRpcTransportClient$1
2023-05-05 18:37:28,191 INFO (LoggerUtils.java:60)- [92c8bac6-62f5-40d1-8c06-fa446360c38c_config-0] RpcClient init, ServerListFactory = com.alibaba.nacos.client.config.impl.ClientWorker$ConfigRpcTransportClient$2
2023-05-05 18:37:28,196 INFO (LoggerUtils.java:60)- [92c8bac6-62f5-40d1-8c06-fa446360c38c_config-0] Try to connect to server on start up, server: {serverIp = '192.168.101.130', server main port = 8848}
2023-05-05 18:37:28,930 INFO (LoggerUtils.java:60)- [92c8bac6-62f5-40d1-8c06-fa446360c38c_config-0] Success to connect to server [192.168.101.130:8848] on start up, connectionId = 1683283047138_192.168.101.1_57346
2023-05-05 18:37:28,931 INFO (LoggerUtils.java:60)- [92c8bac6-62f5-40d1-8c06-fa446360c38c_config-0] Notify connected event to listeners.
2023-05-05 18:37:28,932 INFO (ClientWorker.java:638)- [92c8bac6-62f5-40d1-8c06-fa446360c38c_config-0] Connected,notify listen context...
2023-05-05 18:37:28,932 INFO (LoggerUtils.java:60)- [92c8bac6-62f5-40d1-8c06-fa446360c38c_config-0] Register server push request handler:com.alibaba.nacos.common.remote.client.RpcClient$ConnectResetRequestHandler
2023-05-05 18:37:28,934 INFO (LoggerUtils.java:60)- [92c8bac6-62f5-40d1-8c06-fa446360c38c_config-0] Register server push request handler:com.alibaba.nacos.common.remote.client.RpcClient$$Lambda$672/0x00000008010f8000
2023-05-05 18:37:28,970 INFO (Limiter.java:62)- limitTime:5.0
2023-05-05 18:37:28,986 INFO (JvmUtil.java:54)- isMultiInstance:false
2023-05-05 18:37:29,006 WARN (NacosPropertySourceBuilder.java:87)- Ignore the empty nacos configuration and get it based on dataId[novel-rabbitmq.yml] & group[DEFAULT_GROUP]
2023-05-05 18:37:29,014 WARN (NacosPropertySourceBuilder.java:87)- Ignore the empty nacos configuration and get it based on dataId[novel-book-service] & group[DEFAULT_GROUP]
2023-05-05 18:37:29,020 WARN (NacosPropertySourceBuilder.java:87)- Ignore the empty nacos configuration and get it based on dataId[novel-book-service.yml] & group[DEFAULT_GROUP]
2023-05-05 18:37:29,025 WARN (NacosPropertySourceBuilder.java:87)- Ignore the empty nacos configuration and get it based on dataId[novel-book-service-common.yml] & group[DEFAULT_GROUP]
2023-05-05 18:37:29,030 WARN (NacosPropertySourceBuilder.java:87)- Ignore the empty nacos configuration and get it based on dataId[novel-book-service-dev.yml] & group[DEFAULT_GROUP]
2023-05-05 18:37:29,031 INFO (PropertySourceBootstrapConfiguration.java:108)- Located property source: [BootstrapPropertySource {name='bootstrapProperties-novel-book-service-dev.yml,DEFAULT_GROUP'}, BootstrapPropertySource {name='bootstrapProperties-novel-book-service-common.yml,DEFAULT_GROUP'}, BootstrapPropertySource {name='bootstrapProperties-novel-book-service.yml,DEFAULT_GROUP'}, BootstrapPropertySource {name='bootstrapProperties-novel-book-service,DEFAULT_GROUP'}, BootstrapPropertySource {name='bootstrapProperties-novel-rabbitmq.yml,DEFAULT_GROUP'}, BootstrapPropertySource {name='bootstrapProperties-novel-redis.yml,DEFAULT_GROUP'}, BootstrapPropertySource {name='bootstrapProperties-novel-mysql.yml,DEFAULT_GROUP'}]
2023-05-05 18:37:29,036 INFO (SpringApplication.java:638)- The following 2 profiles are active: "common", "dev"
2023-05-05 18:37:30,191 INFO (RepositoryConfigurationDelegate.java:291)- Multiple Spring Data modules found, entering strict repository configuration mode
2023-05-05 18:37:30,193 INFO (RepositoryConfigurationDelegate.java:138)- Bootstrapping Spring Data Redis repositories in DEFAULT mode.
2023-05-05 18:37:30,216 INFO (RepositoryConfigurationDelegate.java:208)- Finished Spring Data repository scanning in 9 ms. Found 0 Redis repository interfaces.
2023-05-05 18:37:30,402 INFO (GenericScope.java:282)- BeanFactory id=52150f30-93da-3ab8-a1a0-64046ba9fe2b
2023-05-05 18:37:31,039 WARN (Bootstrap.java:68)- UT026010: Buffer pool was not set on WebSocketDeploymentInfo, the default pool will be used
2023-05-05 18:37:31,060 INFO (ServletContextImpl.java:372)- Initializing Spring embedded WebApplicationContext
2023-05-05 18:37:31,060 INFO (ServletWebServerApplicationContext.java:291)- Root WebApplicationContext: initialization completed in 2007 ms
2023-05-05 18:37:32,282 INFO (FeignClientFactoryBean.java:437)- For 'novel-user-service' URL not provided. Will try picking an instance via load-balancing.
2023-05-05 18:37:32,576 INFO (Version.java:41)- Redisson 3.19.1
2023-05-05 18:37:32,848 INFO (ConnectionPool.java:162)- 1 connections initialized for 192.168.101.130/192.168.101.130:6379
2023-05-05 18:37:32,902 INFO (ConnectionPool.java:162)- 24 connections initialized for 192.168.101.130/192.168.101.130:6379
2023-05-05 18:37:33,150 INFO (SentinelWebMvcConfigurer.java:52)- [Sentinel Starter] register SentinelWebInterceptor with urlPatterns: [/**].
2023-05-05 18:37:34,155 INFO (StdSchedulerFactory.java:1220)- Using default implementation for ThreadExecutor
2023-05-05 18:37:34,166 INFO (SchedulerSignalerImpl.java:61)- Initialized Scheduler Signaller of type: class org.quartz.core.SchedulerSignalerImpl
2023-05-05 18:37:34,167 INFO (QuartzScheduler.java:229)- Quartz Scheduler v.2.3.2 created.
2023-05-05 18:37:34,168 INFO (RAMJobStore.java:155)- RAMJobStore initialized.
2023-05-05 18:37:34,169 INFO (QuartzScheduler.java:294)- Scheduler meta-data: Quartz Scheduler (v2.3.2) 'quartzScheduler' with instanceId 'NON_CLUSTERED'
  Scheduler class: 'org.quartz.core.QuartzScheduler' - running locally.
  NOT STARTED.
  Currently in standby mode.
  Number of jobs executed: 0
  Using thread pool 'org.quartz.simpl.SimpleThreadPool' - with 10 threads.
  Using job-store 'org.quartz.simpl.RAMJobStore' - which does not support persistence. and is not clustered.

2023-05-05 18:37:34,170 INFO (StdSchedulerFactory.java:1374)- Quartz scheduler 'quartzScheduler' initialized from an externally provided properties instance.
2023-05-05 18:37:34,170 INFO (StdSchedulerFactory.java:1378)- Quartz scheduler version: 2.3.2
2023-05-05 18:37:34,170 INFO (QuartzScheduler.java:2293)- JobFactory set to: org.springframework.scheduling.quartz.SpringBeanJobFactory@10b1f9f3
2023-05-05 18:37:34,546 INFO (EndpointLinksResolver.java:58)- Exposing 21 endpoint(s) beneath base path '/actuator'
2023-05-05 18:37:34,642 WARN (LocalVariableTableParameterNameDiscoverer.java:123)- Using deprecated '-debug' fallback for parameter name resolution. Compile the affected code with '-parameters' instead or avoid its introspection: org.springframework.amqp.rabbit.core.RabbitAdmin
2023-05-05 18:37:34,666 INFO (Undertow.java:120)- starting server: Undertow - 2.3.5.Final
2023-05-05 18:37:34,672 INFO (Xnio.java:95)- XNIO version 3.8.8.Final
2023-05-05 18:37:34,677 INFO (NioXnio.java:58)- XNIO NIO Implementation Version 3.8.8.Final
2023-05-05 18:37:34,695 INFO (Version.java:55)- JBoss Threads version 3.5.0.Final
2023-05-05 18:37:34,739 INFO (UndertowWebServer.java:121)- Undertow started on port(s) 9020 (http)
2023-05-05 18:37:34,743 INFO (SearchableProperties.java:197)- properties search order:PROPERTIES->JVM->ENV->DEFAULT_SETTING
2023-05-05 18:37:34,744 INFO (InitUtils.java:61)- initializer namespace from System Property : null
2023-05-05 18:37:34,744 INFO (InitUtils.java:65)- initializer namespace from System Environment :null
2023-05-05 18:37:34,744 INFO (InitUtils.java:72)- initializer namespace from System Property :
2023-05-05 18:37:34,753 INFO (ClientAuthPluginManager.java:56)- [ClientAuthPluginManager] Load ClientAuthService com.alibaba.nacos.client.auth.impl.NacosClientAuthServiceImpl success.
2023-05-05 18:37:34,753 INFO (ClientAuthPluginManager.java:56)- [ClientAuthPluginManager] Load ClientAuthService com.alibaba.nacos.client.auth.ram.RamClientAuthServiceImpl success.
2023-05-05 18:37:34,755 INFO (RpcClientFactory.java:94)- [RpcClientFactory] create a new rpc client of f0c5aa76-6b7d-4cf1-9d11-2aa915d83868
2023-05-05 18:37:34,758 INFO (LoggerUtils.java:60)- [f0c5aa76-6b7d-4cf1-9d11-2aa915d83868] RpcClient init, ServerListFactory = com.alibaba.nacos.client.naming.core.ServerListManager
2023-05-05 18:37:34,758 INFO (LoggerUtils.java:60)- [f0c5aa76-6b7d-4cf1-9d11-2aa915d83868] Registry connection listener to current client:com.alibaba.nacos.client.naming.remote.gprc.redo.NamingGrpcRedoService
2023-05-05 18:37:34,758 INFO (LoggerUtils.java:60)- [f0c5aa76-6b7d-4cf1-9d11-2aa915d83868] Register server push request handler:com.alibaba.nacos.client.naming.remote.gprc.NamingPushRequestHandler
2023-05-05 18:37:34,759 INFO (LoggerUtils.java:60)- [f0c5aa76-6b7d-4cf1-9d11-2aa915d83868] Try to connect to server on start up, server: {serverIp = '192.168.101.130', server main port = 8848}
2023-05-05 18:37:34,882 INFO (LoggerUtils.java:60)- [f0c5aa76-6b7d-4cf1-9d11-2aa915d83868] Success to connect to server [192.168.101.130:8848] on start up, connectionId = 1683283053183_192.168.101.1_57374
2023-05-05 18:37:34,882 INFO (LoggerUtils.java:60)- [f0c5aa76-6b7d-4cf1-9d11-2aa915d83868] Register server push request handler:com.alibaba.nacos.common.remote.client.RpcClient$ConnectResetRequestHandler
2023-05-05 18:37:34,883 INFO (LoggerUtils.java:60)- [f0c5aa76-6b7d-4cf1-9d11-2aa915d83868] Notify connected event to listeners.
2023-05-05 18:37:34,883 INFO (LoggerUtils.java:60)- [f0c5aa76-6b7d-4cf1-9d11-2aa915d83868] Register server push request handler:com.alibaba.nacos.common.remote.client.RpcClient$$Lambda$672/0x00000008010f8000
2023-05-05 18:37:34,883 INFO (NamingGrpcRedoService.java:78)- Grpc connection connect
2023-05-05 18:37:34,884 INFO (NamingGrpcClientProxy.java:120)- [REGISTER-SERVICE] public registering service novel-book-service with instance Instance{instanceId='null', ip='172.24.49.103', port=9020, weight=1.0, healthy=true, enabled=true, ephemeral=true, clusterName='DEFAULT', serviceName='null', metadata={preserved.register.source=SPRING_CLOUD}}
2023-05-05 18:37:34,894 INFO (NacosServiceRegistry.java:76)- nacos registry, DEFAULT_GROUP novel-book-service 172.24.49.103:9020 register finished
2023-05-05 18:37:34,977 INFO (SchedulerFactoryBean.java:729)- Starting Quartz Scheduler now
2023-05-05 18:37:34,978 INFO (QuartzScheduler.java:547)- Scheduler quartzScheduler_$_NON_CLUSTERED started.
2023-05-05 18:37:34,989 INFO (StartupInfoLogger.java:57)- Started NovelBookApplication in 8.292 seconds (process running for 9.073)
2023-05-05 18:37:34,996 INFO (CacheData.java:67)- nacos.cache.data.init.snapshot = true 
2023-05-05 18:37:34,996 INFO (ClientWorker.java:379)- [fixed-192.168.101.130_8848] [subscribe] novel-book-service-common.yml+DEFAULT_GROUP
2023-05-05 18:37:35,001 INFO (CacheData.java:197)- [fixed-192.168.101.130_8848] [add-listener] ok, tenant=, dataId=novel-book-service-common.yml, group=DEFAULT_GROUP, cnt=1
2023-05-05 18:37:35,001 INFO (NacosContextRefresher.java:129)- [Nacos Config] Listening config: dataId=novel-book-service-common.yml, group=DEFAULT_GROUP
2023-05-05 18:37:35,003 INFO (ClientWorker.java:379)- [fixed-192.168.101.130_8848] [subscribe] novel-mysql.yml+DEFAULT_GROUP
2023-05-05 18:37:35,003 INFO (CacheData.java:197)- [fixed-192.168.101.130_8848] [add-listener] ok, tenant=, dataId=novel-mysql.yml, group=DEFAULT_GROUP, cnt=1
2023-05-05 18:37:35,003 INFO (NacosContextRefresher.java:129)- [Nacos Config] Listening config: dataId=novel-mysql.yml, group=DEFAULT_GROUP
2023-05-05 18:37:35,014 INFO (ClientWorker.java:379)- [fixed-192.168.101.130_8848] [subscribe] novel-redis.yml+DEFAULT_GROUP
2023-05-05 18:37:35,015 INFO (CacheData.java:197)- [fixed-192.168.101.130_8848] [add-listener] ok, tenant=, dataId=novel-redis.yml, group=DEFAULT_GROUP, cnt=1
2023-05-05 18:37:35,015 INFO (NacosContextRefresher.java:129)- [Nacos Config] Listening config: dataId=novel-redis.yml, group=DEFAULT_GROUP
2023-05-05 18:37:35,015 INFO (ClientWorker.java:379)- [fixed-192.168.101.130_8848] [subscribe] novel-book-service-dev.yml+DEFAULT_GROUP
2023-05-05 18:37:35,015 INFO (CacheData.java:197)- [fixed-192.168.101.130_8848] [add-listener] ok, tenant=, dataId=novel-book-service-dev.yml, group=DEFAULT_GROUP, cnt=1
2023-05-05 18:37:35,015 INFO (NacosContextRefresher.java:129)- [Nacos Config] Listening config: dataId=novel-book-service-dev.yml, group=DEFAULT_GROUP
2023-05-05 18:37:35,015 INFO (ClientWorker.java:379)- [fixed-192.168.101.130_8848] [subscribe] novel-rabbitmq.yml+DEFAULT_GROUP
2023-05-05 18:37:35,015 INFO (CacheData.java:197)- [fixed-192.168.101.130_8848] [add-listener] ok, tenant=, dataId=novel-rabbitmq.yml, group=DEFAULT_GROUP, cnt=1
2023-05-05 18:37:35,015 INFO (NacosContextRefresher.java:129)- [Nacos Config] Listening config: dataId=novel-rabbitmq.yml, group=DEFAULT_GROUP
2023-05-05 18:37:35,016 INFO (ClientWorker.java:379)- [fixed-192.168.101.130_8848] [subscribe] novel-book-service.yml+DEFAULT_GROUP
2023-05-05 18:37:35,016 INFO (CacheData.java:197)- [fixed-192.168.101.130_8848] [add-listener] ok, tenant=, dataId=novel-book-service.yml, group=DEFAULT_GROUP, cnt=1
2023-05-05 18:37:35,016 INFO (NacosContextRefresher.java:129)- [Nacos Config] Listening config: dataId=novel-book-service.yml, group=DEFAULT_GROUP
2023-05-05 18:37:35,016 INFO (ClientWorker.java:379)- [fixed-192.168.101.130_8848] [subscribe] novel-book-service+DEFAULT_GROUP
2023-05-05 18:37:35,017 INFO (CacheData.java:197)- [fixed-192.168.101.130_8848] [add-listener] ok, tenant=, dataId=novel-book-service, group=DEFAULT_GROUP, cnt=1
2023-05-05 18:37:35,017 INFO (NacosContextRefresher.java:129)- [Nacos Config] Listening config: dataId=novel-book-service, group=DEFAULT_GROUP
2023-05-05 18:37:35,227 INFO (ServletContextImpl.java:372)- Initializing Spring DispatcherServlet 'dispatcherServlet'
2023-05-05 18:37:35,228 INFO (FrameworkServlet.java:532)- Initializing Servlet 'dispatcherServlet'
2023-05-05 18:37:35,231 INFO (FrameworkServlet.java:554)- Completed initialization in 3 ms
2023-05-05 18:37:35,269 INFO (AbstractConnectionFactory.java:630)- Attempting to connect to: [192.168.10.110:5672]
2023-05-05 18:37:40,332 INFO (AbstractConnectionFactory.java:630)- Attempting to connect to: [192.168.10.110:5672]
2023-05-05 18:37:45,382 INFO (AbstractConnectionFactory.java:630)- Attempting to connect to: [192.168.10.110:5672]
2023-05-05 18:37:47,434 WARN (AbstractHealthIndicator.java:94)- Rabbit health check failed
org.springframework.amqp.AmqpConnectException: java.net.ConnectException: Connection refused: no further information
	at org.springframework.amqp.rabbit.support.RabbitExceptionTranslator.convertRabbitAccessException(RabbitExceptionTranslator.java:61)
	at org.springframework.amqp.rabbit.connection.AbstractConnectionFactory.createBareConnection(AbstractConnectionFactory.java:594)
	at org.springframework.amqp.rabbit.connection.CachingConnectionFactory.createConnection(CachingConnectionFactory.java:687)
	at org.springframework.amqp.rabbit.connection.ConnectionFactoryUtils.createConnection(ConnectionFactoryUtils.java:257)
	at org.springframework.amqp.rabbit.core.RabbitTemplate.doExecute(RabbitTemplate.java:2225)
	at org.springframework.amqp.rabbit.core.RabbitTemplate.lambda$execute$13(RabbitTemplate.java:2187)
	at org.springframework.retry.support.RetryTemplate.doExecute(RetryTemplate.java:329)
	at org.springframework.retry.support.RetryTemplate.execute(RetryTemplate.java:225)
	at org.springframework.amqp.rabbit.core.RabbitTemplate.execute(RabbitTemplate.java:2186)
	at org.springframework.amqp.rabbit.core.RabbitTemplate.execute(RabbitTemplate.java:2178)
	at org.springframework.boot.actuate.amqp.RabbitHealthIndicator.getVersion(RabbitHealthIndicator.java:49)
	at org.springframework.boot.actuate.amqp.RabbitHealthIndicator.doHealthCheck(RabbitHealthIndicator.java:44)
	at org.springframework.boot.actuate.health.AbstractHealthIndicator.health(AbstractHealthIndicator.java:82)
	at org.springframework.boot.actuate.health.HealthIndicator.getHealth(HealthIndicator.java:37)
	at org.springframework.boot.actuate.health.HealthEndpoint.getHealth(HealthEndpoint.java:82)
	at org.springframework.boot.actuate.health.HealthEndpoint.getHealth(HealthEndpoint.java:41)
	at org.springframework.boot.actuate.health.HealthEndpointSupport.getLoggedHealth(HealthEndpointSupport.java:172)
	at org.springframework.boot.actuate.health.HealthEndpointSupport.getContribution(HealthEndpointSupport.java:145)
	at org.springframework.boot.actuate.health.HealthEndpointSupport.getAggregateContribution(HealthEndpointSupport.java:156)
	at org.springframework.boot.actuate.health.HealthEndpointSupport.getContribution(HealthEndpointSupport.java:141)
	at org.springframework.boot.actuate.health.HealthEndpointSupport.getHealth(HealthEndpointSupport.java:110)
	at org.springframework.boot.actuate.health.HealthEndpointSupport.getHealth(HealthEndpointSupport.java:81)
	at org.springframework.boot.actuate.health.HealthEndpoint.health(HealthEndpoint.java:76)
	at org.springframework.boot.actuate.health.HealthEndpoint.health(HealthEndpoint.java:66)
	at java.base/jdk.internal.reflect.NativeMethodAccessorImpl.invoke0(Native Method)
	at java.base/jdk.internal.reflect.NativeMethodAccessorImpl.invoke(NativeMethodAccessorImpl.java:77)
	at java.base/jdk.internal.reflect.DelegatingMethodAccessorImpl.invoke(DelegatingMethodAccessorImpl.java:43)
	at java.base/java.lang.reflect.Method.invoke(Method.java:568)
	at org.springframework.util.ReflectionUtils.invokeMethod(ReflectionUtils.java:281)
	at org.springframework.boot.actuate.endpoint.invoke.reflect.ReflectiveOperationInvoker.invoke(ReflectiveOperationInvoker.java:74)
	at org.springframework.boot.actuate.endpoint.annotation.AbstractDiscoveredOperation.invoke(AbstractDiscoveredOperation.java:60)
	at org.springframework.boot.actuate.endpoint.jmx.EndpointMBean.invoke(EndpointMBean.java:124)
	at org.springframework.boot.actuate.endpoint.jmx.EndpointMBean.invoke(EndpointMBean.java:97)
	at java.management/com.sun.jmx.interceptor.DefaultMBeanServerInterceptor.invoke(DefaultMBeanServerInterceptor.java:814)
	at java.management/com.sun.jmx.mbeanserver.JmxMBeanServer.invoke(JmxMBeanServer.java:802)
	at java.management.rmi/javax.management.remote.rmi.RMIConnectionImpl.doOperation(RMIConnectionImpl.java:1472)
	at java.management.rmi/javax.management.remote.rmi.RMIConnectionImpl$PrivilegedOperation.run(RMIConnectionImpl.java:1310)
	at java.management.rmi/javax.management.remote.rmi.RMIConnectionImpl.doPrivilegedOperation(RMIConnectionImpl.java:1405)
	at java.management.rmi/javax.management.remote.rmi.RMIConnectionImpl.invoke(RMIConnectionImpl.java:829)
	at java.base/jdk.internal.reflect.GeneratedMethodAccessor51.invoke(Unknown Source)
	at java.base/jdk.internal.reflect.DelegatingMethodAccessorImpl.invoke(DelegatingMethodAccessorImpl.java:43)
	at java.base/java.lang.reflect.Method.invoke(Method.java:568)
	at java.rmi/sun.rmi.server.UnicastServerRef.dispatch(UnicastServerRef.java:360)
	at java.rmi/sun.rmi.transport.Transport$1.run(Transport.java:200)
	at java.rmi/sun.rmi.transport.Transport$1.run(Transport.java:197)
	at java.base/java.security.AccessController.doPrivileged(AccessController.java:712)
	at java.rmi/sun.rmi.transport.Transport.serviceCall(Transport.java:196)
	at java.rmi/sun.rmi.transport.tcp.TCPTransport.handleMessages(TCPTransport.java:587)
	at java.rmi/sun.rmi.transport.tcp.TCPTransport$ConnectionHandler.run0(TCPTransport.java:828)
	at java.rmi/sun.rmi.transport.tcp.TCPTransport$ConnectionHandler.lambda$run$0(TCPTransport.java:705)
	at java.base/java.security.AccessController.doPrivileged(AccessController.java:399)
	at java.rmi/sun.rmi.transport.tcp.TCPTransport$ConnectionHandler.run(TCPTransport.java:704)
	at java.base/java.util.concurrent.ThreadPoolExecutor.runWorker(ThreadPoolExecutor.java:1136)
	at java.base/java.util.concurrent.ThreadPoolExecutor$Worker.run(ThreadPoolExecutor.java:635)
	at java.base/java.lang.Thread.run(Thread.java:833)
Caused by: java.net.ConnectException: Connection refused: no further information
	at java.base/sun.nio.ch.Net.pollConnect(Native Method)
	at java.base/sun.nio.ch.Net.pollConnectNow(Net.java:672)
	at java.base/sun.nio.ch.NioSocketImpl.timedFinishConnect(NioSocketImpl.java:549)
	at java.base/sun.nio.ch.NioSocketImpl.connect(NioSocketImpl.java:597)
	at java.base/java.net.SocksSocketImpl.connect(SocksSocketImpl.java:327)
	at java.base/java.net.Socket.connect(Socket.java:633)
	at com.rabbitmq.client.impl.SocketFrameHandlerFactory.create(SocketFrameHandlerFactory.java:59)
	at com.rabbitmq.client.ConnectionFactory.newConnection(ConnectionFactory.java:1223)
	at com.rabbitmq.client.ConnectionFactory.newConnection(ConnectionFactory.java:1173)
	at org.springframework.amqp.rabbit.connection.AbstractConnectionFactory.connectAddresses(AbstractConnectionFactory.java:632)
	at org.springframework.amqp.rabbit.connection.AbstractConnectionFactory.connect(AbstractConnectionFactory.java:607)
	at org.springframework.amqp.rabbit.connection.AbstractConnectionFactory.createBareConnection(AbstractConnectionFactory.java:557)
	... 53 common frames omitted
2023-05-05 18:37:47,440 WARN (HealthEndpointSupport.java:181)- Health contributor org.springframework.boot.actuate.amqp.RabbitHealthIndicator (rabbit) took 12171ms to respond
2023-05-05 18:37:47,443 INFO (HikariDataSource.java:110)- HikariPool-1 - Starting...
2023-05-05 18:37:47,650 INFO (HikariPool.java:565)- HikariPool-1 - Added connection com.mysql.cj.jdbc.ConnectionImpl@1eb41335
2023-05-05 18:37:47,661 INFO (HikariDataSource.java:123)- HikariPool-1 - Start completed.
2023-05-05 18:37:56,891 DEBUG (BaseJdbcLogger.java:137)- ==>  Preparing: SELECT id,work_direction,category_id,category_name,pic_url,book_name,author_id,author_name,book_desc,score,book_status,visit_count,word_count,comment_count,last_chapter_id,last_chapter_name,last_chapter_update_time,is_vip,create_time,update_time FROM book_info WHERE (id IN (?,?,?,?,?,?,?,?,?,?,?,?,?,?,?,?,?,?,?,?,?,?,?,?,?,?,?,?,?,?,?))
2023-05-05 18:37:56,920 DEBUG (BaseJdbcLogger.java:137)- ==> Parameters: 1334318182169681920(Long), 1334318497132552192(Long), 1334318818323963904(Long), 1334328310788882432(Long), 1334334734843609088(Long), 1334335471568912384(Long), 1337759637059973121(Long), 1337759773395824640(Long), 1337762752513486849(Long), 1337872061003993088(Long), 1337872316667793408(Long), 1337872488235798528(Long), 1337872597996539904(Long), 1337872898115768320(Long), 1337873148071120896(Long), 1337874646456864768(Long), 1337874812798767104(Long), 1337874951365988352(Long), 1337875255574663168(Long), 1337876581629038592(Long), 1337879143543476224(Long), 1337879206630002688(Long), 1337882606201475072(Long), 1337884719262470144(Long), 1337949399824781312(Long), 1337957605418520576(Long), 1337958745514233856(Long), 1337960531323047936(Long), 1337961040297644032(Long), 1337968514828390400(Long), 1337971702436515840(Long)
2023-05-05 18:37:56,992 DEBUG (BaseJdbcLogger.java:137)- <==      Total: 31
2023-05-05 19:37:51,085 WARN (HttpClientBeanHolder.java:102)- [HttpClientBeanHolder] Start destroying common HttpClient
2023-05-05 19:37:51,086 WARN (NotifyCenter.java:136)- [NotifyCenter] Start destroying Publisher
2023-05-05 19:37:51,087 WARN (NotifyCenter.java:153)- [NotifyCenter] Destruction of the end
2023-05-05 19:37:51,087 WARN (HttpClientBeanHolder.java:111)- [HttpClientBeanHolder] Destruction of the end
2023-05-05 19:37:51,090 INFO (QuartzScheduler.java:585)- Scheduler quartzScheduler_$_NON_CLUSTERED paused.
2023-05-05 19:37:51,092 INFO (Undertow.java:259)- stopping server: Undertow - 2.3.5.Final
2023-05-05 19:37:51,096 INFO (ServletContextImpl.java:372)- Destroying Spring FrameworkServlet 'dispatcherServlet'
2023-05-05 19:37:51,103 INFO (SchedulerFactoryBean.java:847)- Shutting down Quartz Scheduler
2023-05-05 19:37:51,103 INFO (QuartzScheduler.java:666)- Scheduler quartzScheduler_$_NON_CLUSTERED shutting down.
2023-05-05 19:37:51,103 INFO (QuartzScheduler.java:585)- Scheduler quartzScheduler_$_NON_CLUSTERED paused.
2023-05-05 19:37:51,104 INFO (QuartzScheduler.java:740)- Scheduler quartzScheduler_$_NON_CLUSTERED shutdown complete.
2023-05-05 19:37:51,108 INFO (NacosServiceRegistry.java:95)- De-registering from Nacos Server now...
2023-05-05 19:37:51,109 INFO (NamingGrpcClientProxy.java:216)- [DEREGISTER-SERVICE] public deregistering service novel-book-service with instance: Instance{instanceId='null', ip='172.24.49.103', port=9020, weight=1.0, healthy=true, enabled=true, ephemeral=true, clusterName='DEFAULT', serviceName='null', metadata={}}
2023-05-05 19:37:51,112 INFO (NacosServiceRegistry.java:115)- De-registration finished.
2023-05-05 19:37:51,113 INFO (ServiceInfoHolder.java:256)- com.alibaba.nacos.client.naming.cache.ServiceInfoHolder do shutdown begin
2023-05-05 19:37:51,113 INFO (FailoverReactor.java:133)- com.alibaba.nacos.client.naming.backups.FailoverReactor do shutdown begin
2023-05-05 19:37:51,113 INFO (FailoverReactor.java:135)- com.alibaba.nacos.client.naming.backups.FailoverReactor do shutdown stop
2023-05-05 19:37:51,114 INFO (ServiceInfoHolder.java:258)- com.alibaba.nacos.client.naming.cache.ServiceInfoHolder do shutdown stop
2023-05-05 19:37:51,114 INFO (NamingClientProxyDelegate.java:204)- com.alibaba.nacos.client.naming.remote.NamingClientProxyDelegate do shutdown begin
2023-05-05 19:37:51,114 INFO (ServiceInfoUpdateService.java:143)- com.alibaba.nacos.client.naming.core.ServiceInfoUpdateService do shutdown begin
2023-05-05 19:37:51,114 INFO (ServiceInfoUpdateService.java:145)- com.alibaba.nacos.client.naming.core.ServiceInfoUpdateService do shutdown stop
2023-05-05 19:37:51,114 INFO (ServerListManager.java:194)- com.alibaba.nacos.client.naming.core.ServerListManager do shutdown begin
2023-05-05 19:37:51,114 WARN (NamingHttpClientManager.java:74)- [NamingHttpClientManager] Start destroying NacosRestTemplate
2023-05-05 19:37:51,115 WARN (NamingHttpClientManager.java:81)- [NamingHttpClientManager] Destruction of the end
2023-05-05 19:37:51,115 INFO (ServerListManager.java:199)- com.alibaba.nacos.client.naming.core.ServerListManager do shutdown stop
2023-05-05 19:37:51,115 INFO (NamingHttpClientProxy.java:484)- com.alibaba.nacos.client.naming.remote.http.NamingHttpClientProxy do shutdown begin
2023-05-05 19:37:51,115 WARN (NamingHttpClientManager.java:74)- [NamingHttpClientManager] Start destroying NacosRestTemplate
2023-05-05 19:37:51,115 WARN (NamingHttpClientManager.java:81)- [NamingHttpClientManager] Destruction of the end
2023-05-05 19:37:51,115 INFO (NamingHttpClientProxy.java:486)- com.alibaba.nacos.client.naming.remote.http.NamingHttpClientProxy do shutdown stop
2023-05-05 19:37:51,115 INFO (RpcClient.java:425)- Shutdown rpc client, set status to shutdown
2023-05-05 19:37:51,117 INFO (RpcClient.java:427)- Shutdown client event executor java.util.concurrent.ScheduledThreadPoolExecutor@e2943cf[Running, pool size = 2, active threads = 2, queued tasks = 0, completed tasks = 0]
2023-05-05 19:37:51,117 INFO (RpcClient.java:580)- Close current connection 1683283053183_192.168.101.1_57374
2023-05-05 19:37:51,118 INFO (LoggerUtils.java:60)- [1683283053183_192.168.101.1_57374]Ignore complete event,isRunning:false,isAbandon=false
2023-05-05 19:37:51,120 INFO (GrpcClient.java:140)- Shutdown grpc executor java.util.concurrent.ThreadPoolExecutor@14e913fc[Running, pool size = 4, active threads = 0, queued tasks = 0, completed tasks = 746]
2023-05-05 19:37:51,120 INFO (NamingGrpcRedoService.java:292)- Shutdown grpc redo service executor java.util.concurrent.ScheduledThreadPoolExecutor@44d99d71[Running, pool size = 1, active threads = 0, queued tasks = 1, completed tasks = 1204]
2023-05-05 19:37:51,121 INFO (CredentialWatcher.java:106)- [null] CredentialWatcher is stopped
2023-05-05 19:37:51,121 INFO (CredentialService.java:100)- [null] CredentialService is freed
2023-05-05 19:37:51,121 INFO (NamingClientProxyDelegate.java:211)- com.alibaba.nacos.client.naming.remote.NamingClientProxyDelegate do shutdown stop
2023-05-05 19:37:51,147 INFO (HikariDataSource.java:350)- HikariPool-1 - Shutdown initiated...
2023-05-05 19:37:51,149 INFO (HikariDataSource.java:352)- HikariPool-1 - Shutdown completed.
