2023-05-05 18:25:26,205 WARN (NacosLogging.java:64)- Load Logback Configuration of Nacos fail, message: org/slf4j/impl/StaticLoggerBinder
2023-05-05 18:25:26,209 WARN (NacosLogging.java:64)- Load Logback Configuration of Nacos fail, message: org/slf4j/impl/StaticLoggerBinder
2023-05-05 18:25:26,226 INFO (LocalConfigInfoProcessor.java:68)- LOCAL_SNAPSHOT_PATH:C:\Users\41038\nacos\config
2023-05-05 18:25:26,229 INFO (RpcClientFactory.java:94)- [RpcClientFactory] create a new rpc client of 71734692-ca88-482d-b752-47f8cb425af0_config-0
2023-05-05 18:25:26,240 INFO (LoggerUtils.java:60)- [71734692-ca88-482d-b752-47f8cb425af0_config-0] Register server push request handler:com.alibaba.nacos.client.config.impl.ClientWorker$ConfigRpcTransportClient$$Lambda$652/0x0000000800fe5d88
2023-05-05 18:25:26,241 INFO (LoggerUtils.java:60)- [71734692-ca88-482d-b752-47f8cb425af0_config-0] Register server push request handler:com.alibaba.nacos.client.config.impl.ClientWorker$ConfigRpcTransportClient$$Lambda$653/0x0000000800fe61a8
2023-05-05 18:25:26,241 INFO (LoggerUtils.java:60)- [71734692-ca88-482d-b752-47f8cb425af0_config-0] Registry connection listener to current client:com.alibaba.nacos.client.config.impl.ClientWorker$ConfigRpcTransportClient$1
2023-05-05 18:25:26,242 INFO (LoggerUtils.java:60)- [71734692-ca88-482d-b752-47f8cb425af0_config-0] RpcClient init, ServerListFactory = com.alibaba.nacos.client.config.impl.ClientWorker$ConfigRpcTransportClient$2
2023-05-05 18:25:26,248 INFO (LoggerUtils.java:60)- [71734692-ca88-482d-b752-47f8cb425af0_config-0] Try to connect to server on start up, server: {serverIp = '192.168.101.130', server main port = 8848}
2023-05-05 18:25:27,240 INFO (LoggerUtils.java:60)- [71734692-ca88-482d-b752-47f8cb425af0_config-0] Success to connect to server [192.168.101.130:8848] on start up, connectionId = 1683282325298_192.168.101.1_56902
2023-05-05 18:25:27,241 INFO (LoggerUtils.java:60)- [71734692-ca88-482d-b752-47f8cb425af0_config-0] Notify connected event to listeners.
2023-05-05 18:25:27,241 INFO (ClientWorker.java:638)- [71734692-ca88-482d-b752-47f8cb425af0_config-0] Connected,notify listen context...
2023-05-05 18:25:27,241 INFO (LoggerUtils.java:60)- [71734692-ca88-482d-b752-47f8cb425af0_config-0] Register server push request handler:com.alibaba.nacos.common.remote.client.RpcClient$ConnectResetRequestHandler
2023-05-05 18:25:27,242 INFO (LoggerUtils.java:60)- [71734692-ca88-482d-b752-47f8cb425af0_config-0] Register server push request handler:com.alibaba.nacos.common.remote.client.RpcClient$$Lambda$672/0x0000000801117dc0
2023-05-05 18:25:27,275 INFO (Limiter.java:62)- limitTime:5.0
2023-05-05 18:25:27,483 INFO (JvmUtil.java:54)- isMultiInstance:false
2023-05-05 18:25:27,529 WARN (NacosPropertySourceBuilder.java:87)- Ignore the empty nacos configuration and get it based on dataId[novel-rabbitmq.yml] & group[DEFAULT_GROUP]
2023-05-05 18:25:27,542 WARN (NacosPropertySourceBuilder.java:87)- Ignore the empty nacos configuration and get it based on dataId[novel-home-service] & group[DEFAULT_GROUP]
2023-05-05 18:25:27,563 WARN (NacosPropertySourceBuilder.java:87)- Ignore the empty nacos configuration and get it based on dataId[novel-home-service.yml] & group[DEFAULT_GROUP]
2023-05-05 18:25:27,573 WARN (NacosPropertySourceBuilder.java:87)- Ignore the empty nacos configuration and get it based on dataId[novel-home-service-common.yml] & group[DEFAULT_GROUP]
2023-05-05 18:25:27,606 WARN (NacosPropertySourceBuilder.java:87)- Ignore the empty nacos configuration and get it based on dataId[novel-home-service-dev.yml] & group[DEFAULT_GROUP]
2023-05-05 18:25:27,607 INFO (PropertySourceBootstrapConfiguration.java:108)- Located property source: [BootstrapPropertySource {name='bootstrapProperties-novel-home-service-dev.yml,DEFAULT_GROUP'}, BootstrapPropertySource {name='bootstrapProperties-novel-home-service-common.yml,DEFAULT_GROUP'}, BootstrapPropertySource {name='bootstrapProperties-novel-home-service.yml,DEFAULT_GROUP'}, BootstrapPropertySource {name='bootstrapProperties-novel-home-service,DEFAULT_GROUP'}, BootstrapPropertySource {name='bootstrapProperties-novel-rabbitmq.yml,DEFAULT_GROUP'}, BootstrapPropertySource {name='bootstrapProperties-novel-redis.yml,DEFAULT_GROUP'}, BootstrapPropertySource {name='bootstrapProperties-novel-mysql.yml,DEFAULT_GROUP'}]
2023-05-05 18:25:27,614 INFO (SpringApplication.java:638)- The following 2 profiles are active: "common", "dev"
2023-05-05 18:25:29,154 INFO (RepositoryConfigurationDelegate.java:291)- Multiple Spring Data modules found, entering strict repository configuration mode
2023-05-05 18:25:29,158 INFO (RepositoryConfigurationDelegate.java:138)- Bootstrapping Spring Data Redis repositories in DEFAULT mode.
2023-05-05 18:25:29,180 INFO (RepositoryConfigurationDelegate.java:208)- Finished Spring Data repository scanning in 6 ms. Found 0 Redis repository interfaces.
2023-05-05 18:25:29,405 INFO (GenericScope.java:282)- BeanFactory id=1c97e699-40a0-3d20-a7c8-ccd194ced756
2023-05-05 18:25:30,315 WARN (Bootstrap.java:68)- UT026010: Buffer pool was not set on WebSocketDeploymentInfo, the default pool will be used
2023-05-05 18:25:30,340 INFO (ServletContextImpl.java:372)- Initializing Spring embedded WebApplicationContext
2023-05-05 18:25:30,341 INFO (ServletWebServerApplicationContext.java:291)- Root WebApplicationContext: initialization completed in 2704 ms
2023-05-05 18:25:31,324 INFO (FeignClientFactoryBean.java:437)- For 'novel-book-service' URL not provided. Will try picking an instance via load-balancing.
2023-05-05 18:25:31,765 INFO (Version.java:41)- Redisson 3.19.1
2023-05-05 18:25:32,226 INFO (ConnectionPool.java:162)- 1 connections initialized for 192.168.101.130/192.168.101.130:6379
2023-05-05 18:25:32,408 INFO (ConnectionPool.java:162)- 24 connections initialized for 192.168.101.130/192.168.101.130:6379
2023-05-05 18:25:32,527 WARN (AbstractApplicationContext.java:592)- Exception encountered during context initialization - cancelling refresh attempt: org.springframework.beans.factory.BeanCreationException: Error creating bean with name 'redisCacheManager' defined in class path resource [io/github/xxyopen/novel/config/CacheConfig.class]: Failed to instantiate [org.springframework.cache.CacheManager]: Factory method 'redisCacheManager' threw exception with message: Cannot invoke "org.springframework.data.redis.cache.RedisCacheConfiguration.entryTtl(java.time.Duration)" because the return value of "java.util.Map.put(Object, Object)" is null
2023-05-05 18:25:32,557 WARN (AbstractApplicationContext.java:1039)- Exception thrown from ApplicationListener handling ContextClosedEvent
org.springframework.beans.factory.BeanCreationNotAllowedException: Error creating bean with name 'rabbitConnectionFactory': Singleton bean creation not allowed while singletons of this factory are in destruction (Do not request a bean from a BeanFactory in a destroy method implementation!)
	at org.springframework.beans.factory.support.DefaultSingletonBeanRegistry.getSingleton(DefaultSingletonBeanRegistry.java:220)
	at org.springframework.beans.factory.support.AbstractBeanFactory.doGetBean(AbstractBeanFactory.java:324)
	at org.springframework.beans.factory.support.AbstractBeanFactory.getBean(AbstractBeanFactory.java:205)
	at org.springframework.context.event.AbstractApplicationEventMulticaster.retrieveApplicationListeners(AbstractApplicationEventMulticaster.java:264)
	at org.springframework.context.event.AbstractApplicationEventMulticaster.getApplicationListeners(AbstractApplicationEventMulticaster.java:221)
	at org.springframework.context.event.SimpleApplicationEventMulticaster.multicastEvent(SimpleApplicationEventMulticaster.java:138)
	at org.springframework.context.support.AbstractApplicationContext.publishEvent(AbstractApplicationContext.java:413)
	at org.springframework.context.support.AbstractApplicationContext.publishEvent(AbstractApplicationContext.java:419)
	at org.springframework.context.support.AbstractApplicationContext.publishEvent(AbstractApplicationContext.java:370)
	at org.springframework.context.support.AbstractApplicationContext.doClose(AbstractApplicationContext.java:1036)
	at org.springframework.context.support.AbstractApplicationContext.close(AbstractApplicationContext.java:1003)
	at org.springframework.cloud.context.named.NamedContextFactory.destroy(NamedContextFactory.java:113)
	at org.springframework.beans.factory.support.DisposableBeanAdapter.destroy(DisposableBeanAdapter.java:201)
	at org.springframework.beans.factory.support.DefaultSingletonBeanRegistry.destroyBean(DefaultSingletonBeanRegistry.java:587)
	at org.springframework.beans.factory.support.DefaultSingletonBeanRegistry.destroySingleton(DefaultSingletonBeanRegistry.java:559)
	at org.springframework.beans.factory.support.DefaultListableBeanFactory.destroySingleton(DefaultListableBeanFactory.java:1189)
	at org.springframework.beans.factory.support.DefaultSingletonBeanRegistry.destroySingletons(DefaultSingletonBeanRegistry.java:520)
	at org.springframework.beans.factory.support.DefaultListableBeanFactory.destroySingletons(DefaultListableBeanFactory.java:1182)
	at org.springframework.context.support.AbstractApplicationContext.destroyBeans(AbstractApplicationContext.java:1084)
	at org.springframework.context.support.AbstractApplicationContext.refresh(AbstractApplicationContext.java:597)
	at org.springframework.boot.web.servlet.context.ServletWebServerApplicationContext.refresh(ServletWebServerApplicationContext.java:146)
	at org.springframework.boot.SpringApplication.refresh(SpringApplication.java:732)
	at org.springframework.boot.SpringApplication.refreshContext(SpringApplication.java:434)
	at org.springframework.boot.SpringApplication.run(SpringApplication.java:310)
	at org.springframework.boot.SpringApplication.run(SpringApplication.java:1304)
	at org.springframework.boot.SpringApplication.run(SpringApplication.java:1293)
	at io.github.xxyopen.novel.home.NovelHomeApplication.main(NovelHomeApplication.java:18)
2023-05-05 18:25:32,573 INFO (ConditionEvaluationReportLogger.java:82)- 

Error starting ApplicationContext. To display the condition evaluation report re-run your application with 'debug' enabled.
2023-05-05 18:25:32,588 ERROR (SpringApplication.java:822)- Application run failed
org.springframework.beans.factory.BeanCreationException: Error creating bean with name 'redisCacheManager' defined in class path resource [io/github/xxyopen/novel/config/CacheConfig.class]: Failed to instantiate [org.springframework.cache.CacheManager]: Factory method 'redisCacheManager' threw exception with message: Cannot invoke "org.springframework.data.redis.cache.RedisCacheConfiguration.entryTtl(java.time.Duration)" because the return value of "java.util.Map.put(Object, Object)" is null
	at org.springframework.beans.factory.support.ConstructorResolver.instantiate(ConstructorResolver.java:659)
	at org.springframework.beans.factory.support.ConstructorResolver.instantiateUsingFactoryMethod(ConstructorResolver.java:647)
	at org.springframework.beans.factory.support.AbstractAutowireCapableBeanFactory.instantiateUsingFactoryMethod(AbstractAutowireCapableBeanFactory.java:1332)
	at org.springframework.beans.factory.support.AbstractAutowireCapableBeanFactory.createBeanInstance(AbstractAutowireCapableBeanFactory.java:1162)
	at org.springframework.beans.factory.support.AbstractAutowireCapableBeanFactory.doCreateBean(AbstractAutowireCapableBeanFactory.java:560)
	at org.springframework.beans.factory.support.AbstractAutowireCapableBeanFactory.createBean(AbstractAutowireCapableBeanFactory.java:520)
	at org.springframework.beans.factory.support.AbstractBeanFactory.lambda$doGetBean$0(AbstractBeanFactory.java:326)
	at org.springframework.beans.factory.support.DefaultSingletonBeanRegistry.getSingleton(DefaultSingletonBeanRegistry.java:234)
	at org.springframework.beans.factory.support.AbstractBeanFactory.doGetBean(AbstractBeanFactory.java:324)
	at org.springframework.beans.factory.support.AbstractBeanFactory.getBean(AbstractBeanFactory.java:200)
	at org.springframework.beans.factory.support.DefaultListableBeanFactory.preInstantiateSingletons(DefaultListableBeanFactory.java:973)
	at org.springframework.context.support.AbstractApplicationContext.finishBeanFactoryInitialization(AbstractApplicationContext.java:917)
	at org.springframework.context.support.AbstractApplicationContext.refresh(AbstractApplicationContext.java:584)
	at org.springframework.boot.web.servlet.context.ServletWebServerApplicationContext.refresh(ServletWebServerApplicationContext.java:146)
	at org.springframework.boot.SpringApplication.refresh(SpringApplication.java:732)
	at org.springframework.boot.SpringApplication.refreshContext(SpringApplication.java:434)
	at org.springframework.boot.SpringApplication.run(SpringApplication.java:310)
	at org.springframework.boot.SpringApplication.run(SpringApplication.java:1304)
	at org.springframework.boot.SpringApplication.run(SpringApplication.java:1293)
	at io.github.xxyopen.novel.home.NovelHomeApplication.main(NovelHomeApplication.java:18)
Caused by: org.springframework.beans.BeanInstantiationException: Failed to instantiate [org.springframework.cache.CacheManager]: Factory method 'redisCacheManager' threw exception with message: Cannot invoke "org.springframework.data.redis.cache.RedisCacheConfiguration.entryTtl(java.time.Duration)" because the return value of "java.util.Map.put(Object, Object)" is null
	at org.springframework.beans.factory.support.SimpleInstantiationStrategy.instantiate(SimpleInstantiationStrategy.java:171)
	at org.springframework.beans.factory.support.ConstructorResolver.instantiate(ConstructorResolver.java:655)
	... 19 common frames omitted
Caused by: java.lang.NullPointerException: Cannot invoke "org.springframework.data.redis.cache.RedisCacheConfiguration.entryTtl(java.time.Duration)" because the return value of "java.util.Map.put(Object, Object)" is null
	at io.github.xxyopen.novel.config.CacheConfig.redisCacheManager(CacheConfig.java:63)
	at io.github.xxyopen.novel.config.CacheConfig$$SpringCGLIB$$0.CGLIB$redisCacheManager$1(<generated>)
	at io.github.xxyopen.novel.config.CacheConfig$$SpringCGLIB$$2.invoke(<generated>)
	at org.springframework.cglib.proxy.MethodProxy.invokeSuper(MethodProxy.java:258)
	at org.springframework.context.annotation.ConfigurationClassEnhancer$BeanMethodInterceptor.intercept(ConfigurationClassEnhancer.java:331)
	at io.github.xxyopen.novel.config.CacheConfig$$SpringCGLIB$$0.redisCacheManager(<generated>)
	at java.base/jdk.internal.reflect.NativeMethodAccessorImpl.invoke0(Native Method)
	at java.base/jdk.internal.reflect.NativeMethodAccessorImpl.invoke(NativeMethodAccessorImpl.java:77)
	at java.base/jdk.internal.reflect.DelegatingMethodAccessorImpl.invoke(DelegatingMethodAccessorImpl.java:43)
	at java.base/java.lang.reflect.Method.invoke(Method.java:568)
	at org.springframework.beans.factory.support.SimpleInstantiationStrategy.instantiate(SimpleInstantiationStrategy.java:139)
	... 20 common frames omitted
2023-05-05 18:25:32,590 WARN (NotifyCenter.java:136)- [NotifyCenter] Start destroying Publisher
2023-05-05 18:25:32,590 WARN (HttpClientBeanHolder.java:102)- [HttpClientBeanHolder] Start destroying common HttpClient
2023-05-05 18:25:32,590 WARN (NotifyCenter.java:153)- [NotifyCenter] Destruction of the end
2023-05-05 18:25:32,590 WARN (HttpClientBeanHolder.java:111)- [HttpClientBeanHolder] Destruction of the end
2023-05-05 18:27:13,969 WARN (NacosLogging.java:64)- Load Logback Configuration of Nacos fail, message: org/slf4j/impl/StaticLoggerBinder
2023-05-05 18:27:13,971 WARN (NacosLogging.java:64)- Load Logback Configuration of Nacos fail, message: org/slf4j/impl/StaticLoggerBinder
2023-05-05 18:27:13,993 INFO (LocalConfigInfoProcessor.java:68)- LOCAL_SNAPSHOT_PATH:C:\Users\41038\nacos\config
2023-05-05 18:27:13,997 INFO (RpcClientFactory.java:94)- [RpcClientFactory] create a new rpc client of a8c37a20-8c35-4054-8b25-f592a6d996e6_config-0
2023-05-05 18:27:14,013 INFO (LoggerUtils.java:60)- [a8c37a20-8c35-4054-8b25-f592a6d996e6_config-0] Register server push request handler:com.alibaba.nacos.client.config.impl.ClientWorker$ConfigRpcTransportClient$$Lambda$640/0x0000000800f9d678
2023-05-05 18:27:14,013 INFO (LoggerUtils.java:60)- [a8c37a20-8c35-4054-8b25-f592a6d996e6_config-0] Register server push request handler:com.alibaba.nacos.client.config.impl.ClientWorker$ConfigRpcTransportClient$$Lambda$641/0x0000000800f9da98
2023-05-05 18:27:14,014 INFO (LoggerUtils.java:60)- [a8c37a20-8c35-4054-8b25-f592a6d996e6_config-0] Registry connection listener to current client:com.alibaba.nacos.client.config.impl.ClientWorker$ConfigRpcTransportClient$1
2023-05-05 18:27:14,016 INFO (LoggerUtils.java:60)- [a8c37a20-8c35-4054-8b25-f592a6d996e6_config-0] RpcClient init, ServerListFactory = com.alibaba.nacos.client.config.impl.ClientWorker$ConfigRpcTransportClient$2
2023-05-05 18:27:14,027 INFO (LoggerUtils.java:60)- [a8c37a20-8c35-4054-8b25-f592a6d996e6_config-0] Try to connect to server on start up, server: {serverIp = '192.168.101.130', server main port = 8848}
2023-05-05 18:27:14,773 INFO (LoggerUtils.java:60)- [a8c37a20-8c35-4054-8b25-f592a6d996e6_config-0] Success to connect to server [192.168.101.130:8848] on start up, connectionId = 1683282433017_192.168.101.1_56990
2023-05-05 18:27:14,774 INFO (LoggerUtils.java:60)- [a8c37a20-8c35-4054-8b25-f592a6d996e6_config-0] Notify connected event to listeners.
2023-05-05 18:27:14,774 INFO (ClientWorker.java:638)- [a8c37a20-8c35-4054-8b25-f592a6d996e6_config-0] Connected,notify listen context...
2023-05-05 18:27:14,774 INFO (LoggerUtils.java:60)- [a8c37a20-8c35-4054-8b25-f592a6d996e6_config-0] Register server push request handler:com.alibaba.nacos.common.remote.client.RpcClient$ConnectResetRequestHandler
2023-05-05 18:27:14,774 INFO (LoggerUtils.java:60)- [a8c37a20-8c35-4054-8b25-f592a6d996e6_config-0] Register server push request handler:com.alibaba.nacos.common.remote.client.RpcClient$$Lambda$672/0x0000000801116388
2023-05-05 18:27:14,800 INFO (Limiter.java:62)- limitTime:5.0
2023-05-05 18:27:14,822 INFO (JvmUtil.java:54)- isMultiInstance:false
2023-05-05 18:27:14,854 WARN (NacosPropertySourceBuilder.java:87)- Ignore the empty nacos configuration and get it based on dataId[novel-rabbitmq.yml] & group[DEFAULT_GROUP]
2023-05-05 18:27:14,867 WARN (NacosPropertySourceBuilder.java:87)- Ignore the empty nacos configuration and get it based on dataId[novel-home-service] & group[DEFAULT_GROUP]
2023-05-05 18:27:14,879 WARN (NacosPropertySourceBuilder.java:87)- Ignore the empty nacos configuration and get it based on dataId[novel-home-service.yml] & group[DEFAULT_GROUP]
2023-05-05 18:27:14,891 WARN (NacosPropertySourceBuilder.java:87)- Ignore the empty nacos configuration and get it based on dataId[novel-home-service-common.yml] & group[DEFAULT_GROUP]
2023-05-05 18:27:14,906 WARN (NacosPropertySourceBuilder.java:87)- Ignore the empty nacos configuration and get it based on dataId[novel-home-service-dev.yml] & group[DEFAULT_GROUP]
2023-05-05 18:27:14,907 INFO (PropertySourceBootstrapConfiguration.java:108)- Located property source: [BootstrapPropertySource {name='bootstrapProperties-novel-home-service-dev.yml,DEFAULT_GROUP'}, BootstrapPropertySource {name='bootstrapProperties-novel-home-service-common.yml,DEFAULT_GROUP'}, BootstrapPropertySource {name='bootstrapProperties-novel-home-service.yml,DEFAULT_GROUP'}, BootstrapPropertySource {name='bootstrapProperties-novel-home-service,DEFAULT_GROUP'}, BootstrapPropertySource {name='bootstrapProperties-novel-rabbitmq.yml,DEFAULT_GROUP'}, BootstrapPropertySource {name='bootstrapProperties-novel-redis.yml,DEFAULT_GROUP'}, BootstrapPropertySource {name='bootstrapProperties-novel-mysql.yml,DEFAULT_GROUP'}]
2023-05-05 18:27:14,914 INFO (SpringApplication.java:638)- The following 2 profiles are active: "common", "dev"
2023-05-05 18:27:15,815 INFO (RepositoryConfigurationDelegate.java:291)- Multiple Spring Data modules found, entering strict repository configuration mode
2023-05-05 18:27:15,817 INFO (RepositoryConfigurationDelegate.java:138)- Bootstrapping Spring Data Redis repositories in DEFAULT mode.
2023-05-05 18:27:15,833 INFO (RepositoryConfigurationDelegate.java:208)- Finished Spring Data repository scanning in 5 ms. Found 0 Redis repository interfaces.
2023-05-05 18:27:16,026 INFO (GenericScope.java:282)- BeanFactory id=1c97e699-40a0-3d20-a7c8-ccd194ced756
2023-05-05 18:27:16,614 WARN (Bootstrap.java:68)- UT026010: Buffer pool was not set on WebSocketDeploymentInfo, the default pool will be used
2023-05-05 18:27:16,630 INFO (ServletContextImpl.java:372)- Initializing Spring embedded WebApplicationContext
2023-05-05 18:27:16,630 INFO (ServletWebServerApplicationContext.java:291)- Root WebApplicationContext: initialization completed in 1698 ms
2023-05-05 18:27:17,243 INFO (FeignClientFactoryBean.java:437)- For 'novel-book-service' URL not provided. Will try picking an instance via load-balancing.
2023-05-05 18:27:17,577 INFO (Version.java:41)- Redisson 3.19.1
2023-05-05 18:27:17,830 INFO (ConnectionPool.java:162)- 1 connections initialized for 192.168.101.130/192.168.101.130:6379
2023-05-05 18:27:17,887 INFO (ConnectionPool.java:162)- 24 connections initialized for 192.168.101.130/192.168.101.130:6379
2023-05-05 18:29:47,832 WARN (AbstractApplicationContext.java:592)- Exception encountered during context initialization - cancelling refresh attempt: org.springframework.beans.factory.BeanCreationException: Error creating bean with name 'redisCacheManager' defined in class path resource [io/github/xxyopen/novel/config/CacheConfig.class]: Failed to instantiate [org.springframework.cache.CacheManager]: Factory method 'redisCacheManager' threw exception with message: Cannot invoke "org.springframework.data.redis.cache.RedisCacheConfiguration.entryTtl(java.time.Duration)" because the return value of "java.util.Map.put(Object, Object)" is null
2023-05-05 18:29:47,860 WARN (AbstractApplicationContext.java:1039)- Exception thrown from ApplicationListener handling ContextClosedEvent
org.springframework.beans.factory.BeanCreationNotAllowedException: Error creating bean with name 'rabbitConnectionFactory': Singleton bean creation not allowed while singletons of this factory are in destruction (Do not request a bean from a BeanFactory in a destroy method implementation!)
	at org.springframework.beans.factory.support.DefaultSingletonBeanRegistry.getSingleton(DefaultSingletonBeanRegistry.java:220)
	at org.springframework.beans.factory.support.AbstractBeanFactory.doGetBean(AbstractBeanFactory.java:324)
	at org.springframework.beans.factory.support.AbstractBeanFactory.getBean(AbstractBeanFactory.java:205)
	at org.springframework.context.event.AbstractApplicationEventMulticaster.retrieveApplicationListeners(AbstractApplicationEventMulticaster.java:264)
	at org.springframework.context.event.AbstractApplicationEventMulticaster.getApplicationListeners(AbstractApplicationEventMulticaster.java:221)
	at org.springframework.context.event.SimpleApplicationEventMulticaster.multicastEvent(SimpleApplicationEventMulticaster.java:138)
	at org.springframework.context.support.AbstractApplicationContext.publishEvent(AbstractApplicationContext.java:413)
	at org.springframework.context.support.AbstractApplicationContext.publishEvent(AbstractApplicationContext.java:419)
	at org.springframework.context.support.AbstractApplicationContext.publishEvent(AbstractApplicationContext.java:370)
	at org.springframework.context.support.AbstractApplicationContext.doClose(AbstractApplicationContext.java:1036)
	at org.springframework.context.support.AbstractApplicationContext.close(AbstractApplicationContext.java:1003)
	at org.springframework.cloud.context.named.NamedContextFactory.destroy(NamedContextFactory.java:113)
	at org.springframework.beans.factory.support.DisposableBeanAdapter.destroy(DisposableBeanAdapter.java:201)
	at org.springframework.beans.factory.support.DefaultSingletonBeanRegistry.destroyBean(DefaultSingletonBeanRegistry.java:587)
	at org.springframework.beans.factory.support.DefaultSingletonBeanRegistry.destroySingleton(DefaultSingletonBeanRegistry.java:559)
	at org.springframework.beans.factory.support.DefaultListableBeanFactory.destroySingleton(DefaultListableBeanFactory.java:1189)
	at org.springframework.beans.factory.support.DefaultSingletonBeanRegistry.destroySingletons(DefaultSingletonBeanRegistry.java:520)
	at org.springframework.beans.factory.support.DefaultListableBeanFactory.destroySingletons(DefaultListableBeanFactory.java:1182)
	at org.springframework.context.support.AbstractApplicationContext.destroyBeans(AbstractApplicationContext.java:1084)
	at org.springframework.context.support.AbstractApplicationContext.refresh(AbstractApplicationContext.java:597)
	at org.springframework.boot.web.servlet.context.ServletWebServerApplicationContext.refresh(ServletWebServerApplicationContext.java:146)
	at org.springframework.boot.SpringApplication.refresh(SpringApplication.java:732)
	at org.springframework.boot.SpringApplication.refreshContext(SpringApplication.java:434)
	at org.springframework.boot.SpringApplication.run(SpringApplication.java:310)
	at org.springframework.boot.SpringApplication.run(SpringApplication.java:1304)
	at org.springframework.boot.SpringApplication.run(SpringApplication.java:1293)
	at io.github.xxyopen.novel.home.NovelHomeApplication.main(NovelHomeApplication.java:18)
2023-05-05 18:29:47,874 INFO (ConditionEvaluationReportLogger.java:82)- 

Error starting ApplicationContext. To display the condition evaluation report re-run your application with 'debug' enabled.
2023-05-05 18:29:47,894 ERROR (SpringApplication.java:822)- Application run failed
org.springframework.beans.factory.BeanCreationException: Error creating bean with name 'redisCacheManager' defined in class path resource [io/github/xxyopen/novel/config/CacheConfig.class]: Failed to instantiate [org.springframework.cache.CacheManager]: Factory method 'redisCacheManager' threw exception with message: Cannot invoke "org.springframework.data.redis.cache.RedisCacheConfiguration.entryTtl(java.time.Duration)" because the return value of "java.util.Map.put(Object, Object)" is null
	at org.springframework.beans.factory.support.ConstructorResolver.instantiate(ConstructorResolver.java:659)
	at org.springframework.beans.factory.support.ConstructorResolver.instantiateUsingFactoryMethod(ConstructorResolver.java:647)
	at org.springframework.beans.factory.support.AbstractAutowireCapableBeanFactory.instantiateUsingFactoryMethod(AbstractAutowireCapableBeanFactory.java:1332)
	at org.springframework.beans.factory.support.AbstractAutowireCapableBeanFactory.createBeanInstance(AbstractAutowireCapableBeanFactory.java:1162)
	at org.springframework.beans.factory.support.AbstractAutowireCapableBeanFactory.doCreateBean(AbstractAutowireCapableBeanFactory.java:560)
	at org.springframework.beans.factory.support.AbstractAutowireCapableBeanFactory.createBean(AbstractAutowireCapableBeanFactory.java:520)
	at org.springframework.beans.factory.support.AbstractBeanFactory.lambda$doGetBean$0(AbstractBeanFactory.java:326)
	at org.springframework.beans.factory.support.DefaultSingletonBeanRegistry.getSingleton(DefaultSingletonBeanRegistry.java:234)
	at org.springframework.beans.factory.support.AbstractBeanFactory.doGetBean(AbstractBeanFactory.java:324)
	at org.springframework.beans.factory.support.AbstractBeanFactory.getBean(AbstractBeanFactory.java:200)
	at org.springframework.beans.factory.support.DefaultListableBeanFactory.preInstantiateSingletons(DefaultListableBeanFactory.java:973)
	at org.springframework.context.support.AbstractApplicationContext.finishBeanFactoryInitialization(AbstractApplicationContext.java:917)
	at org.springframework.context.support.AbstractApplicationContext.refresh(AbstractApplicationContext.java:584)
	at org.springframework.boot.web.servlet.context.ServletWebServerApplicationContext.refresh(ServletWebServerApplicationContext.java:146)
	at org.springframework.boot.SpringApplication.refresh(SpringApplication.java:732)
	at org.springframework.boot.SpringApplication.refreshContext(SpringApplication.java:434)
	at org.springframework.boot.SpringApplication.run(SpringApplication.java:310)
	at org.springframework.boot.SpringApplication.run(SpringApplication.java:1304)
	at org.springframework.boot.SpringApplication.run(SpringApplication.java:1293)
	at io.github.xxyopen.novel.home.NovelHomeApplication.main(NovelHomeApplication.java:18)
Caused by: org.springframework.beans.BeanInstantiationException: Failed to instantiate [org.springframework.cache.CacheManager]: Factory method 'redisCacheManager' threw exception with message: Cannot invoke "org.springframework.data.redis.cache.RedisCacheConfiguration.entryTtl(java.time.Duration)" because the return value of "java.util.Map.put(Object, Object)" is null
	at org.springframework.beans.factory.support.SimpleInstantiationStrategy.instantiate(SimpleInstantiationStrategy.java:171)
	at org.springframework.beans.factory.support.ConstructorResolver.instantiate(ConstructorResolver.java:655)
	... 19 common frames omitted
Caused by: java.lang.NullPointerException: Cannot invoke "org.springframework.data.redis.cache.RedisCacheConfiguration.entryTtl(java.time.Duration)" because the return value of "java.util.Map.put(Object, Object)" is null
	at io.github.xxyopen.novel.config.CacheConfig.redisCacheManager(CacheConfig.java:63)
	at io.github.xxyopen.novel.config.CacheConfig$$SpringCGLIB$$0.CGLIB$redisCacheManager$0(<generated>)
	at io.github.xxyopen.novel.config.CacheConfig$$SpringCGLIB$$2.invoke(<generated>)
	at org.springframework.cglib.proxy.MethodProxy.invokeSuper(MethodProxy.java:258)
	at org.springframework.context.annotation.ConfigurationClassEnhancer$BeanMethodInterceptor.intercept(ConfigurationClassEnhancer.java:331)
	at io.github.xxyopen.novel.config.CacheConfig$$SpringCGLIB$$0.redisCacheManager(<generated>)
	at java.base/jdk.internal.reflect.NativeMethodAccessorImpl.invoke0(Native Method)
	at java.base/jdk.internal.reflect.NativeMethodAccessorImpl.invoke(NativeMethodAccessorImpl.java:77)
	at java.base/jdk.internal.reflect.DelegatingMethodAccessorImpl.invoke(DelegatingMethodAccessorImpl.java:43)
	at java.base/java.lang.reflect.Method.invoke(Method.java:568)
	at org.springframework.beans.factory.support.SimpleInstantiationStrategy.instantiate(SimpleInstantiationStrategy.java:139)
	... 20 common frames omitted
2023-05-05 18:29:47,896 WARN (NotifyCenter.java:136)- [NotifyCenter] Start destroying Publisher
2023-05-05 18:29:47,896 WARN (HttpClientBeanHolder.java:102)- [HttpClientBeanHolder] Start destroying common HttpClient
2023-05-05 18:29:47,896 WARN (NotifyCenter.java:153)- [NotifyCenter] Destruction of the end
2023-05-05 18:29:47,896 WARN (HttpClientBeanHolder.java:111)- [HttpClientBeanHolder] Destruction of the end
2023-05-05 18:30:59,583 WARN (NacosLogging.java:64)- Load Logback Configuration of Nacos fail, message: org/slf4j/impl/StaticLoggerBinder
2023-05-05 18:30:59,585 WARN (NacosLogging.java:64)- Load Logback Configuration of Nacos fail, message: org/slf4j/impl/StaticLoggerBinder
2023-05-05 18:30:59,596 INFO (LocalConfigInfoProcessor.java:68)- LOCAL_SNAPSHOT_PATH:C:\Users\41038\nacos\config
2023-05-05 18:30:59,598 INFO (RpcClientFactory.java:94)- [RpcClientFactory] create a new rpc client of 0b1f7c6e-7fcf-4b2f-8d3a-34214f221e2d_config-0
2023-05-05 18:30:59,608 INFO (LoggerUtils.java:60)- [0b1f7c6e-7fcf-4b2f-8d3a-34214f221e2d_config-0] Register server push request handler:com.alibaba.nacos.client.config.impl.ClientWorker$ConfigRpcTransportClient$$Lambda$652/0x0000000800fb6d58
2023-05-05 18:30:59,609 INFO (LoggerUtils.java:60)- [0b1f7c6e-7fcf-4b2f-8d3a-34214f221e2d_config-0] Register server push request handler:com.alibaba.nacos.client.config.impl.ClientWorker$ConfigRpcTransportClient$$Lambda$653/0x0000000800fb7178
2023-05-05 18:30:59,609 INFO (LoggerUtils.java:60)- [0b1f7c6e-7fcf-4b2f-8d3a-34214f221e2d_config-0] Registry connection listener to current client:com.alibaba.nacos.client.config.impl.ClientWorker$ConfigRpcTransportClient$1
2023-05-05 18:30:59,609 INFO (LoggerUtils.java:60)- [0b1f7c6e-7fcf-4b2f-8d3a-34214f221e2d_config-0] RpcClient init, ServerListFactory = com.alibaba.nacos.client.config.impl.ClientWorker$ConfigRpcTransportClient$2
2023-05-05 18:30:59,616 INFO (LoggerUtils.java:60)- [0b1f7c6e-7fcf-4b2f-8d3a-34214f221e2d_config-0] Try to connect to server on start up, server: {serverIp = '192.168.101.130', server main port = 8848}
2023-05-05 18:31:00,265 INFO (LoggerUtils.java:60)- [0b1f7c6e-7fcf-4b2f-8d3a-34214f221e2d_config-0] Success to connect to server [192.168.101.130:8848] on start up, connectionId = 1683282658515_192.168.101.1_57117
2023-05-05 18:31:00,268 INFO (LoggerUtils.java:60)- [0b1f7c6e-7fcf-4b2f-8d3a-34214f221e2d_config-0] Notify connected event to listeners.
2023-05-05 18:31:00,269 INFO (LoggerUtils.java:60)- [0b1f7c6e-7fcf-4b2f-8d3a-34214f221e2d_config-0] Register server push request handler:com.alibaba.nacos.common.remote.client.RpcClient$ConnectResetRequestHandler
2023-05-05 18:31:00,269 INFO (ClientWorker.java:638)- [0b1f7c6e-7fcf-4b2f-8d3a-34214f221e2d_config-0] Connected,notify listen context...
2023-05-05 18:31:00,270 INFO (LoggerUtils.java:60)- [0b1f7c6e-7fcf-4b2f-8d3a-34214f221e2d_config-0] Register server push request handler:com.alibaba.nacos.common.remote.client.RpcClient$$Lambda$672/0x0000000801136180
2023-05-05 18:31:00,305 INFO (Limiter.java:62)- limitTime:5.0
2023-05-05 18:31:00,342 INFO (JvmUtil.java:54)- isMultiInstance:false
2023-05-05 18:31:00,382 WARN (NacosPropertySourceBuilder.java:87)- Ignore the empty nacos configuration and get it based on dataId[novel-rabbitmq.yml] & group[DEFAULT_GROUP]
2023-05-05 18:31:00,396 WARN (NacosPropertySourceBuilder.java:87)- Ignore the empty nacos configuration and get it based on dataId[novel-home-service] & group[DEFAULT_GROUP]
2023-05-05 18:31:00,404 WARN (NacosPropertySourceBuilder.java:87)- Ignore the empty nacos configuration and get it based on dataId[novel-home-service.yml] & group[DEFAULT_GROUP]
2023-05-05 18:31:00,415 WARN (NacosPropertySourceBuilder.java:87)- Ignore the empty nacos configuration and get it based on dataId[novel-home-service-common.yml] & group[DEFAULT_GROUP]
2023-05-05 18:31:00,426 WARN (NacosPropertySourceBuilder.java:87)- Ignore the empty nacos configuration and get it based on dataId[novel-home-service-dev.yml] & group[DEFAULT_GROUP]
2023-05-05 18:31:00,428 INFO (PropertySourceBootstrapConfiguration.java:108)- Located property source: [BootstrapPropertySource {name='bootstrapProperties-novel-home-service-dev.yml,DEFAULT_GROUP'}, BootstrapPropertySource {name='bootstrapProperties-novel-home-service-common.yml,DEFAULT_GROUP'}, BootstrapPropertySource {name='bootstrapProperties-novel-home-service.yml,DEFAULT_GROUP'}, BootstrapPropertySource {name='bootstrapProperties-novel-home-service,DEFAULT_GROUP'}, BootstrapPropertySource {name='bootstrapProperties-novel-rabbitmq.yml,DEFAULT_GROUP'}, BootstrapPropertySource {name='bootstrapProperties-novel-redis.yml,DEFAULT_GROUP'}, BootstrapPropertySource {name='bootstrapProperties-novel-mysql.yml,DEFAULT_GROUP'}]
2023-05-05 18:31:00,434 INFO (SpringApplication.java:638)- The following 2 profiles are active: "common", "dev"
2023-05-05 18:31:01,272 INFO (RepositoryConfigurationDelegate.java:291)- Multiple Spring Data modules found, entering strict repository configuration mode
2023-05-05 18:31:01,273 INFO (RepositoryConfigurationDelegate.java:138)- Bootstrapping Spring Data Redis repositories in DEFAULT mode.
2023-05-05 18:31:01,290 INFO (RepositoryConfigurationDelegate.java:208)- Finished Spring Data repository scanning in 5 ms. Found 0 Redis repository interfaces.
2023-05-05 18:31:01,491 INFO (GenericScope.java:282)- BeanFactory id=1c97e699-40a0-3d20-a7c8-ccd194ced756
2023-05-05 18:31:02,084 WARN (Bootstrap.java:68)- UT026010: Buffer pool was not set on WebSocketDeploymentInfo, the default pool will be used
2023-05-05 18:31:02,101 INFO (ServletContextImpl.java:372)- Initializing Spring embedded WebApplicationContext
2023-05-05 18:31:02,101 INFO (ServletWebServerApplicationContext.java:291)- Root WebApplicationContext: initialization completed in 1648 ms
2023-05-05 18:31:02,752 INFO (FeignClientFactoryBean.java:437)- For 'novel-book-service' URL not provided. Will try picking an instance via load-balancing.
2023-05-05 18:31:03,070 INFO (Version.java:41)- Redisson 3.19.1
2023-05-05 18:31:03,360 INFO (ConnectionPool.java:162)- 1 connections initialized for 192.168.101.130/192.168.101.130:6379
2023-05-05 18:31:03,423 INFO (ConnectionPool.java:162)- 24 connections initialized for 192.168.101.130/192.168.101.130:6379
2023-05-05 18:31:20,376 WARN (AbstractApplicationContext.java:592)- Exception encountered during context initialization - cancelling refresh attempt: org.springframework.beans.factory.BeanCreationException: Error creating bean with name 'redisCacheManager' defined in class path resource [io/github/xxyopen/novel/config/CacheConfig.class]: Failed to instantiate [org.springframework.cache.CacheManager]: Factory method 'redisCacheManager' threw exception with message: Cannot invoke "org.springframework.data.redis.cache.RedisCacheConfiguration.entryTtl(java.time.Duration)" because the return value of "java.util.Map.put(Object, Object)" is null
2023-05-05 18:31:20,406 WARN (AbstractApplicationContext.java:1039)- Exception thrown from ApplicationListener handling ContextClosedEvent
org.springframework.beans.factory.BeanCreationNotAllowedException: Error creating bean with name 'rabbitConnectionFactory': Singleton bean creation not allowed while singletons of this factory are in destruction (Do not request a bean from a BeanFactory in a destroy method implementation!)
	at org.springframework.beans.factory.support.DefaultSingletonBeanRegistry.getSingleton(DefaultSingletonBeanRegistry.java:220)
	at org.springframework.beans.factory.support.AbstractBeanFactory.doGetBean(AbstractBeanFactory.java:324)
	at org.springframework.beans.factory.support.AbstractBeanFactory.getBean(AbstractBeanFactory.java:205)
	at org.springframework.context.event.AbstractApplicationEventMulticaster.retrieveApplicationListeners(AbstractApplicationEventMulticaster.java:264)
	at org.springframework.context.event.AbstractApplicationEventMulticaster.getApplicationListeners(AbstractApplicationEventMulticaster.java:221)
	at org.springframework.context.event.SimpleApplicationEventMulticaster.multicastEvent(SimpleApplicationEventMulticaster.java:138)
	at org.springframework.context.support.AbstractApplicationContext.publishEvent(AbstractApplicationContext.java:413)
	at org.springframework.context.support.AbstractApplicationContext.publishEvent(AbstractApplicationContext.java:419)
	at org.springframework.context.support.AbstractApplicationContext.publishEvent(AbstractApplicationContext.java:370)
	at org.springframework.context.support.AbstractApplicationContext.doClose(AbstractApplicationContext.java:1036)
	at org.springframework.context.support.AbstractApplicationContext.close(AbstractApplicationContext.java:1003)
	at org.springframework.cloud.context.named.NamedContextFactory.destroy(NamedContextFactory.java:113)
	at org.springframework.beans.factory.support.DisposableBeanAdapter.destroy(DisposableBeanAdapter.java:201)
	at org.springframework.beans.factory.support.DefaultSingletonBeanRegistry.destroyBean(DefaultSingletonBeanRegistry.java:587)
	at org.springframework.beans.factory.support.DefaultSingletonBeanRegistry.destroySingleton(DefaultSingletonBeanRegistry.java:559)
	at org.springframework.beans.factory.support.DefaultListableBeanFactory.destroySingleton(DefaultListableBeanFactory.java:1189)
	at org.springframework.beans.factory.support.DefaultSingletonBeanRegistry.destroySingletons(DefaultSingletonBeanRegistry.java:520)
	at org.springframework.beans.factory.support.DefaultListableBeanFactory.destroySingletons(DefaultListableBeanFactory.java:1182)
	at org.springframework.context.support.AbstractApplicationContext.destroyBeans(AbstractApplicationContext.java:1084)
	at org.springframework.context.support.AbstractApplicationContext.refresh(AbstractApplicationContext.java:597)
	at org.springframework.boot.web.servlet.context.ServletWebServerApplicationContext.refresh(ServletWebServerApplicationContext.java:146)
	at org.springframework.boot.SpringApplication.refresh(SpringApplication.java:732)
	at org.springframework.boot.SpringApplication.refreshContext(SpringApplication.java:434)
	at org.springframework.boot.SpringApplication.run(SpringApplication.java:310)
	at org.springframework.boot.SpringApplication.run(SpringApplication.java:1304)
	at org.springframework.boot.SpringApplication.run(SpringApplication.java:1293)
	at io.github.xxyopen.novel.home.NovelHomeApplication.main(NovelHomeApplication.java:18)
2023-05-05 18:31:20,420 INFO (ConditionEvaluationReportLogger.java:82)- 

Error starting ApplicationContext. To display the condition evaluation report re-run your application with 'debug' enabled.
2023-05-05 18:31:20,435 ERROR (SpringApplication.java:822)- Application run failed
org.springframework.beans.factory.BeanCreationException: Error creating bean with name 'redisCacheManager' defined in class path resource [io/github/xxyopen/novel/config/CacheConfig.class]: Failed to instantiate [org.springframework.cache.CacheManager]: Factory method 'redisCacheManager' threw exception with message: Cannot invoke "org.springframework.data.redis.cache.RedisCacheConfiguration.entryTtl(java.time.Duration)" because the return value of "java.util.Map.put(Object, Object)" is null
	at org.springframework.beans.factory.support.ConstructorResolver.instantiate(ConstructorResolver.java:659)
	at org.springframework.beans.factory.support.ConstructorResolver.instantiateUsingFactoryMethod(ConstructorResolver.java:647)
	at org.springframework.beans.factory.support.AbstractAutowireCapableBeanFactory.instantiateUsingFactoryMethod(AbstractAutowireCapableBeanFactory.java:1332)
	at org.springframework.beans.factory.support.AbstractAutowireCapableBeanFactory.createBeanInstance(AbstractAutowireCapableBeanFactory.java:1162)
	at org.springframework.beans.factory.support.AbstractAutowireCapableBeanFactory.doCreateBean(AbstractAutowireCapableBeanFactory.java:560)
	at org.springframework.beans.factory.support.AbstractAutowireCapableBeanFactory.createBean(AbstractAutowireCapableBeanFactory.java:520)
	at org.springframework.beans.factory.support.AbstractBeanFactory.lambda$doGetBean$0(AbstractBeanFactory.java:326)
	at org.springframework.beans.factory.support.DefaultSingletonBeanRegistry.getSingleton(DefaultSingletonBeanRegistry.java:234)
	at org.springframework.beans.factory.support.AbstractBeanFactory.doGetBean(AbstractBeanFactory.java:324)
	at org.springframework.beans.factory.support.AbstractBeanFactory.getBean(AbstractBeanFactory.java:200)
	at org.springframework.beans.factory.support.DefaultListableBeanFactory.preInstantiateSingletons(DefaultListableBeanFactory.java:973)
	at org.springframework.context.support.AbstractApplicationContext.finishBeanFactoryInitialization(AbstractApplicationContext.java:917)
	at org.springframework.context.support.AbstractApplicationContext.refresh(AbstractApplicationContext.java:584)
	at org.springframework.boot.web.servlet.context.ServletWebServerApplicationContext.refresh(ServletWebServerApplicationContext.java:146)
	at org.springframework.boot.SpringApplication.refresh(SpringApplication.java:732)
	at org.springframework.boot.SpringApplication.refreshContext(SpringApplication.java:434)
	at org.springframework.boot.SpringApplication.run(SpringApplication.java:310)
	at org.springframework.boot.SpringApplication.run(SpringApplication.java:1304)
	at org.springframework.boot.SpringApplication.run(SpringApplication.java:1293)
	at io.github.xxyopen.novel.home.NovelHomeApplication.main(NovelHomeApplication.java:18)
Caused by: org.springframework.beans.BeanInstantiationException: Failed to instantiate [org.springframework.cache.CacheManager]: Factory method 'redisCacheManager' threw exception with message: Cannot invoke "org.springframework.data.redis.cache.RedisCacheConfiguration.entryTtl(java.time.Duration)" because the return value of "java.util.Map.put(Object, Object)" is null
	at org.springframework.beans.factory.support.SimpleInstantiationStrategy.instantiate(SimpleInstantiationStrategy.java:171)
	at org.springframework.beans.factory.support.ConstructorResolver.instantiate(ConstructorResolver.java:655)
	... 19 common frames omitted
Caused by: java.lang.NullPointerException: Cannot invoke "org.springframework.data.redis.cache.RedisCacheConfiguration.entryTtl(java.time.Duration)" because the return value of "java.util.Map.put(Object, Object)" is null
	at io.github.xxyopen.novel.config.CacheConfig.redisCacheManager(CacheConfig.java:64)
	at io.github.xxyopen.novel.config.CacheConfig$$SpringCGLIB$$0.CGLIB$redisCacheManager$0(<generated>)
	at io.github.xxyopen.novel.config.CacheConfig$$SpringCGLIB$$2.invoke(<generated>)
	at org.springframework.cglib.proxy.MethodProxy.invokeSuper(MethodProxy.java:258)
	at org.springframework.context.annotation.ConfigurationClassEnhancer$BeanMethodInterceptor.intercept(ConfigurationClassEnhancer.java:331)
	at io.github.xxyopen.novel.config.CacheConfig$$SpringCGLIB$$0.redisCacheManager(<generated>)
	at java.base/jdk.internal.reflect.NativeMethodAccessorImpl.invoke0(Native Method)
	at java.base/jdk.internal.reflect.NativeMethodAccessorImpl.invoke(NativeMethodAccessorImpl.java:77)
	at java.base/jdk.internal.reflect.DelegatingMethodAccessorImpl.invoke(DelegatingMethodAccessorImpl.java:43)
	at java.base/java.lang.reflect.Method.invoke(Method.java:568)
	at org.springframework.beans.factory.support.SimpleInstantiationStrategy.instantiate(SimpleInstantiationStrategy.java:139)
	... 20 common frames omitted
2023-05-05 18:31:20,438 WARN (NotifyCenter.java:136)- [NotifyCenter] Start destroying Publisher
2023-05-05 18:31:20,438 WARN (HttpClientBeanHolder.java:102)- [HttpClientBeanHolder] Start destroying common HttpClient
2023-05-05 18:31:20,438 WARN (NotifyCenter.java:153)- [NotifyCenter] Destruction of the end
2023-05-05 18:31:20,438 WARN (HttpClientBeanHolder.java:111)- [HttpClientBeanHolder] Destruction of the end
2023-05-05 18:33:30,349 WARN (NacosLogging.java:64)- Load Logback Configuration of Nacos fail, message: org/slf4j/impl/StaticLoggerBinder
2023-05-05 18:33:30,352 WARN (NacosLogging.java:64)- Load Logback Configuration of Nacos fail, message: org/slf4j/impl/StaticLoggerBinder
2023-05-05 18:33:30,362 INFO (LocalConfigInfoProcessor.java:68)- LOCAL_SNAPSHOT_PATH:C:\Users\41038\nacos\config
2023-05-05 18:33:30,365 INFO (RpcClientFactory.java:94)- [RpcClientFactory] create a new rpc client of 98a05cc7-4124-4762-b749-0b8b42c8bc72_config-0
2023-05-05 18:33:30,374 INFO (LoggerUtils.java:60)- [98a05cc7-4124-4762-b749-0b8b42c8bc72_config-0] Register server push request handler:com.alibaba.nacos.client.config.impl.ClientWorker$ConfigRpcTransportClient$$Lambda$652/0x0000000800fe7710
2023-05-05 18:33:30,374 INFO (LoggerUtils.java:60)- [98a05cc7-4124-4762-b749-0b8b42c8bc72_config-0] Register server push request handler:com.alibaba.nacos.client.config.impl.ClientWorker$ConfigRpcTransportClient$$Lambda$653/0x0000000800fe7b30
2023-05-05 18:33:30,374 INFO (LoggerUtils.java:60)- [98a05cc7-4124-4762-b749-0b8b42c8bc72_config-0] Registry connection listener to current client:com.alibaba.nacos.client.config.impl.ClientWorker$ConfigRpcTransportClient$1
2023-05-05 18:33:30,376 INFO (LoggerUtils.java:60)- [98a05cc7-4124-4762-b749-0b8b42c8bc72_config-0] RpcClient init, ServerListFactory = com.alibaba.nacos.client.config.impl.ClientWorker$ConfigRpcTransportClient$2
2023-05-05 18:33:30,381 INFO (LoggerUtils.java:60)- [98a05cc7-4124-4762-b749-0b8b42c8bc72_config-0] Try to connect to server on start up, server: {serverIp = '192.168.101.130', server main port = 8848}
2023-05-05 18:33:31,052 INFO (LoggerUtils.java:60)- [98a05cc7-4124-4762-b749-0b8b42c8bc72_config-0] Success to connect to server [192.168.101.130:8848] on start up, connectionId = 1683282809297_192.168.101.1_57188
2023-05-05 18:33:31,053 INFO (LoggerUtils.java:60)- [98a05cc7-4124-4762-b749-0b8b42c8bc72_config-0] Notify connected event to listeners.
2023-05-05 18:33:31,053 INFO (LoggerUtils.java:60)- [98a05cc7-4124-4762-b749-0b8b42c8bc72_config-0] Register server push request handler:com.alibaba.nacos.common.remote.client.RpcClient$ConnectResetRequestHandler
2023-05-05 18:33:31,053 INFO (ClientWorker.java:638)- [98a05cc7-4124-4762-b749-0b8b42c8bc72_config-0] Connected,notify listen context...
2023-05-05 18:33:31,054 INFO (LoggerUtils.java:60)- [98a05cc7-4124-4762-b749-0b8b42c8bc72_config-0] Register server push request handler:com.alibaba.nacos.common.remote.client.RpcClient$$Lambda$672/0x0000000801117538
2023-05-05 18:33:31,085 INFO (Limiter.java:62)- limitTime:5.0
2023-05-05 18:33:31,108 INFO (JvmUtil.java:54)- isMultiInstance:false
2023-05-05 18:33:31,135 WARN (NacosPropertySourceBuilder.java:87)- Ignore the empty nacos configuration and get it based on dataId[novel-rabbitmq.yml] & group[DEFAULT_GROUP]
2023-05-05 18:33:31,145 WARN (NacosPropertySourceBuilder.java:87)- Ignore the empty nacos configuration and get it based on dataId[novel-home-service] & group[DEFAULT_GROUP]
2023-05-05 18:33:31,153 WARN (NacosPropertySourceBuilder.java:87)- Ignore the empty nacos configuration and get it based on dataId[novel-home-service.yml] & group[DEFAULT_GROUP]
2023-05-05 18:33:31,162 WARN (NacosPropertySourceBuilder.java:87)- Ignore the empty nacos configuration and get it based on dataId[novel-home-service-common.yml] & group[DEFAULT_GROUP]
2023-05-05 18:33:31,170 WARN (NacosPropertySourceBuilder.java:87)- Ignore the empty nacos configuration and get it based on dataId[novel-home-service-dev.yml] & group[DEFAULT_GROUP]
2023-05-05 18:33:31,172 INFO (PropertySourceBootstrapConfiguration.java:108)- Located property source: [BootstrapPropertySource {name='bootstrapProperties-novel-home-service-dev.yml,DEFAULT_GROUP'}, BootstrapPropertySource {name='bootstrapProperties-novel-home-service-common.yml,DEFAULT_GROUP'}, BootstrapPropertySource {name='bootstrapProperties-novel-home-service.yml,DEFAULT_GROUP'}, BootstrapPropertySource {name='bootstrapProperties-novel-home-service,DEFAULT_GROUP'}, BootstrapPropertySource {name='bootstrapProperties-novel-rabbitmq.yml,DEFAULT_GROUP'}, BootstrapPropertySource {name='bootstrapProperties-novel-redis.yml,DEFAULT_GROUP'}, BootstrapPropertySource {name='bootstrapProperties-novel-mysql.yml,DEFAULT_GROUP'}]
2023-05-05 18:33:31,178 INFO (SpringApplication.java:638)- The following 2 profiles are active: "common", "dev"
2023-05-05 18:33:32,130 INFO (RepositoryConfigurationDelegate.java:291)- Multiple Spring Data modules found, entering strict repository configuration mode
2023-05-05 18:33:32,132 INFO (RepositoryConfigurationDelegate.java:138)- Bootstrapping Spring Data Redis repositories in DEFAULT mode.
2023-05-05 18:33:32,150 INFO (RepositoryConfigurationDelegate.java:208)- Finished Spring Data repository scanning in 5 ms. Found 0 Redis repository interfaces.
2023-05-05 18:33:32,399 INFO (GenericScope.java:282)- BeanFactory id=1c97e699-40a0-3d20-a7c8-ccd194ced756
2023-05-05 18:33:33,021 WARN (Bootstrap.java:68)- UT026010: Buffer pool was not set on WebSocketDeploymentInfo, the default pool will be used
2023-05-05 18:33:33,037 INFO (ServletContextImpl.java:372)- Initializing Spring embedded WebApplicationContext
2023-05-05 18:33:33,037 INFO (ServletWebServerApplicationContext.java:291)- Root WebApplicationContext: initialization completed in 1841 ms
2023-05-05 18:33:33,659 INFO (FeignClientFactoryBean.java:437)- For 'novel-book-service' URL not provided. Will try picking an instance via load-balancing.
2023-05-05 18:33:33,970 INFO (Version.java:41)- Redisson 3.19.1
2023-05-05 18:33:34,211 INFO (ConnectionPool.java:162)- 1 connections initialized for 192.168.101.130/192.168.101.130:6379
2023-05-05 18:33:34,259 INFO (ConnectionPool.java:162)- 24 connections initialized for 192.168.101.130/192.168.101.130:6379
2023-05-05 18:34:05,816 INFO (SentinelWebMvcConfigurer.java:52)- [Sentinel Starter] register SentinelWebInterceptor with urlPatterns: [/**].
2023-05-05 18:34:07,442 INFO (StdSchedulerFactory.java:1220)- Using default implementation for ThreadExecutor
2023-05-05 18:34:07,459 INFO (SchedulerSignalerImpl.java:61)- Initialized Scheduler Signaller of type: class org.quartz.core.SchedulerSignalerImpl
2023-05-05 18:34:07,461 INFO (QuartzScheduler.java:229)- Quartz Scheduler v.2.3.2 created.
2023-05-05 18:34:07,462 INFO (RAMJobStore.java:155)- RAMJobStore initialized.
2023-05-05 18:34:07,463 INFO (QuartzScheduler.java:294)- Scheduler meta-data: Quartz Scheduler (v2.3.2) 'quartzScheduler' with instanceId 'NON_CLUSTERED'
  Scheduler class: 'org.quartz.core.QuartzScheduler' - running locally.
  NOT STARTED.
  Currently in standby mode.
  Number of jobs executed: 0
  Using thread pool 'org.quartz.simpl.SimpleThreadPool' - with 10 threads.
  Using job-store 'org.quartz.simpl.RAMJobStore' - which does not support persistence. and is not clustered.

2023-05-05 18:34:07,463 INFO (StdSchedulerFactory.java:1374)- Quartz scheduler 'quartzScheduler' initialized from an externally provided properties instance.
2023-05-05 18:34:07,463 INFO (StdSchedulerFactory.java:1378)- Quartz scheduler version: 2.3.2
2023-05-05 18:34:07,463 INFO (QuartzScheduler.java:2293)- JobFactory set to: org.springframework.scheduling.quartz.SpringBeanJobFactory@37ecff9
2023-05-05 18:34:07,922 INFO (EndpointLinksResolver.java:58)- Exposing 21 endpoint(s) beneath base path '/actuator'
2023-05-05 18:34:07,999 WARN (LocalVariableTableParameterNameDiscoverer.java:123)- Using deprecated '-debug' fallback for parameter name resolution. Compile the affected code with '-parameters' instead or avoid its introspection: org.springframework.amqp.rabbit.core.RabbitAdmin
2023-05-05 18:34:08,026 INFO (Undertow.java:120)- starting server: Undertow - 2.3.5.Final
2023-05-05 18:34:08,036 INFO (Xnio.java:95)- XNIO version 3.8.8.Final
2023-05-05 18:34:08,049 INFO (NioXnio.java:58)- XNIO NIO Implementation Version 3.8.8.Final
2023-05-05 18:34:08,079 INFO (Version.java:55)- JBoss Threads version 3.5.0.Final
2023-05-05 18:34:08,124 INFO (UndertowWebServer.java:121)- Undertow started on port(s) 9001 (http)
2023-05-05 18:34:08,128 INFO (SearchableProperties.java:197)- properties search order:PROPERTIES->JVM->ENV->DEFAULT_SETTING
2023-05-05 18:34:08,129 INFO (InitUtils.java:61)- initializer namespace from System Property : null
2023-05-05 18:34:08,130 INFO (InitUtils.java:65)- initializer namespace from System Environment :null
2023-05-05 18:34:08,130 INFO (InitUtils.java:72)- initializer namespace from System Property :
2023-05-05 18:34:08,137 INFO (ClientAuthPluginManager.java:56)- [ClientAuthPluginManager] Load ClientAuthService com.alibaba.nacos.client.auth.impl.NacosClientAuthServiceImpl success.
2023-05-05 18:34:08,137 INFO (ClientAuthPluginManager.java:56)- [ClientAuthPluginManager] Load ClientAuthService com.alibaba.nacos.client.auth.ram.RamClientAuthServiceImpl success.
2023-05-05 18:34:08,141 INFO (RpcClientFactory.java:94)- [RpcClientFactory] create a new rpc client of 8faa0725-1f81-40b2-82e3-7c992f379b1a
2023-05-05 18:34:08,142 INFO (LoggerUtils.java:60)- [8faa0725-1f81-40b2-82e3-7c992f379b1a] RpcClient init, ServerListFactory = com.alibaba.nacos.client.naming.core.ServerListManager
2023-05-05 18:34:08,142 INFO (LoggerUtils.java:60)- [8faa0725-1f81-40b2-82e3-7c992f379b1a] Registry connection listener to current client:com.alibaba.nacos.client.naming.remote.gprc.redo.NamingGrpcRedoService
2023-05-05 18:34:08,143 INFO (LoggerUtils.java:60)- [8faa0725-1f81-40b2-82e3-7c992f379b1a] Register server push request handler:com.alibaba.nacos.client.naming.remote.gprc.NamingPushRequestHandler
2023-05-05 18:34:08,143 INFO (LoggerUtils.java:60)- [8faa0725-1f81-40b2-82e3-7c992f379b1a] Try to connect to server on start up, server: {serverIp = '192.168.101.130', server main port = 8848}
2023-05-05 18:34:08,277 INFO (LoggerUtils.java:60)- [8faa0725-1f81-40b2-82e3-7c992f379b1a] Success to connect to server [192.168.101.130:8848] on start up, connectionId = 1683282846572_192.168.101.1_57224
2023-05-05 18:34:08,277 INFO (LoggerUtils.java:60)- [8faa0725-1f81-40b2-82e3-7c992f379b1a] Notify connected event to listeners.
2023-05-05 18:34:08,277 INFO (LoggerUtils.java:60)- [8faa0725-1f81-40b2-82e3-7c992f379b1a] Register server push request handler:com.alibaba.nacos.common.remote.client.RpcClient$ConnectResetRequestHandler
2023-05-05 18:34:08,278 INFO (NamingGrpcRedoService.java:78)- Grpc connection connect
2023-05-05 18:34:08,278 INFO (LoggerUtils.java:60)- [8faa0725-1f81-40b2-82e3-7c992f379b1a] Register server push request handler:com.alibaba.nacos.common.remote.client.RpcClient$$Lambda$672/0x0000000801117538
2023-05-05 18:34:08,280 INFO (NamingGrpcClientProxy.java:120)- [REGISTER-SERVICE] public registering service novel-home-service with instance Instance{instanceId='null', ip='172.24.49.103', port=9001, weight=1.0, healthy=true, enabled=true, ephemeral=true, clusterName='DEFAULT', serviceName='null', metadata={preserved.register.source=SPRING_CLOUD}}
2023-05-05 18:34:08,335 INFO (NacosServiceRegistry.java:76)- nacos registry, DEFAULT_GROUP novel-home-service 172.24.49.103:9001 register finished
2023-05-05 18:34:08,427 INFO (SchedulerFactoryBean.java:729)- Starting Quartz Scheduler now
2023-05-05 18:34:08,427 INFO (QuartzScheduler.java:547)- Scheduler quartzScheduler_$_NON_CLUSTERED started.
2023-05-05 18:34:08,439 INFO (StartupInfoLogger.java:57)- Started NovelHomeApplication in 39.28 seconds (process running for 39.852)
2023-05-05 18:34:08,444 INFO (CacheData.java:67)- nacos.cache.data.init.snapshot = true 
2023-05-05 18:34:08,449 INFO (ClientWorker.java:379)- [fixed-192.168.101.130_8848] [subscribe] novel-mysql.yml+DEFAULT_GROUP
2023-05-05 18:34:08,457 INFO (CacheData.java:197)- [fixed-192.168.101.130_8848] [add-listener] ok, tenant=, dataId=novel-mysql.yml, group=DEFAULT_GROUP, cnt=1
2023-05-05 18:34:08,457 INFO (NacosContextRefresher.java:129)- [Nacos Config] Listening config: dataId=novel-mysql.yml, group=DEFAULT_GROUP
2023-05-05 18:34:08,458 INFO (ClientWorker.java:379)- [fixed-192.168.101.130_8848] [subscribe] novel-home-service-dev.yml+DEFAULT_GROUP
2023-05-05 18:34:08,458 INFO (CacheData.java:197)- [fixed-192.168.101.130_8848] [add-listener] ok, tenant=, dataId=novel-home-service-dev.yml, group=DEFAULT_GROUP, cnt=1
2023-05-05 18:34:08,458 INFO (NacosContextRefresher.java:129)- [Nacos Config] Listening config: dataId=novel-home-service-dev.yml, group=DEFAULT_GROUP
2023-05-05 18:34:08,466 INFO (ClientWorker.java:379)- [fixed-192.168.101.130_8848] [subscribe] novel-redis.yml+DEFAULT_GROUP
2023-05-05 18:34:08,466 INFO (CacheData.java:197)- [fixed-192.168.101.130_8848] [add-listener] ok, tenant=, dataId=novel-redis.yml, group=DEFAULT_GROUP, cnt=1
2023-05-05 18:34:08,466 INFO (NacosContextRefresher.java:129)- [Nacos Config] Listening config: dataId=novel-redis.yml, group=DEFAULT_GROUP
2023-05-05 18:34:08,467 INFO (ClientWorker.java:379)- [fixed-192.168.101.130_8848] [subscribe] novel-rabbitmq.yml+DEFAULT_GROUP
2023-05-05 18:34:08,467 INFO (CacheData.java:197)- [fixed-192.168.101.130_8848] [add-listener] ok, tenant=, dataId=novel-rabbitmq.yml, group=DEFAULT_GROUP, cnt=1
2023-05-05 18:34:08,467 INFO (NacosContextRefresher.java:129)- [Nacos Config] Listening config: dataId=novel-rabbitmq.yml, group=DEFAULT_GROUP
2023-05-05 18:34:08,467 INFO (ClientWorker.java:379)- [fixed-192.168.101.130_8848] [subscribe] novel-home-service.yml+DEFAULT_GROUP
2023-05-05 18:34:08,467 INFO (CacheData.java:197)- [fixed-192.168.101.130_8848] [add-listener] ok, tenant=, dataId=novel-home-service.yml, group=DEFAULT_GROUP, cnt=1
2023-05-05 18:34:08,468 INFO (NacosContextRefresher.java:129)- [Nacos Config] Listening config: dataId=novel-home-service.yml, group=DEFAULT_GROUP
2023-05-05 18:34:08,468 INFO (ClientWorker.java:379)- [fixed-192.168.101.130_8848] [subscribe] novel-home-service+DEFAULT_GROUP
2023-05-05 18:34:08,468 INFO (CacheData.java:197)- [fixed-192.168.101.130_8848] [add-listener] ok, tenant=, dataId=novel-home-service, group=DEFAULT_GROUP, cnt=1
2023-05-05 18:34:08,468 INFO (NacosContextRefresher.java:129)- [Nacos Config] Listening config: dataId=novel-home-service, group=DEFAULT_GROUP
2023-05-05 18:34:08,469 INFO (ClientWorker.java:379)- [fixed-192.168.101.130_8848] [subscribe] novel-home-service-common.yml+DEFAULT_GROUP
2023-05-05 18:34:08,469 INFO (CacheData.java:197)- [fixed-192.168.101.130_8848] [add-listener] ok, tenant=, dataId=novel-home-service-common.yml, group=DEFAULT_GROUP, cnt=1
2023-05-05 18:34:08,470 INFO (NacosContextRefresher.java:129)- [Nacos Config] Listening config: dataId=novel-home-service-common.yml, group=DEFAULT_GROUP
2023-05-05 18:34:08,928 INFO (ServletContextImpl.java:372)- Initializing Spring DispatcherServlet 'dispatcherServlet'
2023-05-05 18:34:08,928 INFO (FrameworkServlet.java:532)- Initializing Servlet 'dispatcherServlet'
2023-05-05 18:34:08,931 INFO (FrameworkServlet.java:554)- Completed initialization in 3 ms
2023-05-05 18:34:08,956 INFO (AbstractConnectionFactory.java:630)- Attempting to connect to: [192.168.10.110:5672]
2023-05-05 18:34:14,036 INFO (AbstractConnectionFactory.java:630)- Attempting to connect to: [192.168.10.110:5672]
2023-05-05 18:34:19,371 INFO (HikariDataSource.java:110)- HikariPool-1 - Starting...
2023-05-05 18:34:20,437 INFO (HikariPool.java:565)- HikariPool-1 - Added connection com.mysql.cj.jdbc.ConnectionImpl@7032576b
2023-05-05 18:34:20,466 INFO (HikariDataSource.java:123)- HikariPool-1 - Start completed.
2023-05-05 18:34:20,513 DEBUG (BaseJdbcLogger.java:137)- ==>  Preparing: SELECT id,type,sort,book_id,create_time,update_time FROM home_book ORDER BY sort ASC
2023-05-05 18:34:20,668 DEBUG (BaseJdbcLogger.java:137)- ==> Parameters: 
2023-05-05 18:34:20,956 DEBUG (BaseJdbcLogger.java:137)- <==      Total: 31
2023-05-05 18:34:21,407 INFO (NamingClientProxyDelegate.java:167)- [SUBSCRIBE-SERVICE] service:novel-book-service, group:DEFAULT_GROUP, clusters: 
2023-05-05 18:34:21,448 INFO (ServiceInfoHolder.java:184)- init new ips(0) service: DEFAULT_GROUP@@novel-book-service -> []
2023-05-05 18:34:21,452 INFO (ServiceInfoHolder.java:169)- current ips:(0) service: DEFAULT_GROUP@@novel-book-service -> []
2023-05-05 18:34:21,480 WARN (RoundRobinLoadBalancer.java:98)- No servers available for service: novel-book-service
2023-05-05 18:34:21,493 WARN (RetryableFeignBlockingLoadBalancerClient.java:166)- Service instance was not resolved, executing the original request
2023-05-05 18:34:22,043 INFO (LoggerUtils.java:60)- [8faa0725-1f81-40b2-82e3-7c992f379b1a] Receive server push request, request = NotifySubscriberRequest, requestId = 1
2023-05-05 18:34:22,043 INFO (LoggerUtils.java:60)- [8faa0725-1f81-40b2-82e3-7c992f379b1a] Ack server push request, request = NotifySubscriberRequest, requestId = 1
2023-05-05 18:34:22,153 INFO (AbstractConnectionFactory.java:630)- Attempting to connect to: [192.168.10.110:5672]
2023-05-05 18:34:35,211 WARN (AbstractHealthIndicator.java:94)- Rabbit health check failed
org.springframework.amqp.AmqpConnectException: java.net.ConnectException: Connection refused: no further information
	at org.springframework.amqp.rabbit.support.RabbitExceptionTranslator.convertRabbitAccessException(RabbitExceptionTranslator.java:61)
	at org.springframework.amqp.rabbit.connection.AbstractConnectionFactory.createBareConnection(AbstractConnectionFactory.java:594)
	at org.springframework.amqp.rabbit.connection.CachingConnectionFactory.createConnection(CachingConnectionFactory.java:687)
	at org.springframework.amqp.rabbit.connection.ConnectionFactoryUtils.createConnection(ConnectionFactoryUtils.java:257)
	at org.springframework.amqp.rabbit.core.RabbitTemplate.doExecute(RabbitTemplate.java:2225)
	at org.springframework.amqp.rabbit.core.RabbitTemplate.lambda$execute$13(RabbitTemplate.java:2187)
	at org.springframework.retry.support.RetryTemplate.doExecute(RetryTemplate.java:329)
	at org.springframework.retry.support.RetryTemplate.execute(RetryTemplate.java:225)
	at org.springframework.amqp.rabbit.core.RabbitTemplate.execute(RabbitTemplate.java:2186)
	at org.springframework.amqp.rabbit.core.RabbitTemplate.execute(RabbitTemplate.java:2178)
	at org.springframework.boot.actuate.amqp.RabbitHealthIndicator.getVersion(RabbitHealthIndicator.java:49)
	at org.springframework.boot.actuate.amqp.RabbitHealthIndicator.doHealthCheck(RabbitHealthIndicator.java:44)
	at org.springframework.boot.actuate.health.AbstractHealthIndicator.health(AbstractHealthIndicator.java:82)
	at org.springframework.boot.actuate.health.HealthIndicator.getHealth(HealthIndicator.java:37)
	at org.springframework.boot.actuate.health.HealthEndpoint.getHealth(HealthEndpoint.java:82)
	at org.springframework.boot.actuate.health.HealthEndpoint.getHealth(HealthEndpoint.java:41)
	at org.springframework.boot.actuate.health.HealthEndpointSupport.getLoggedHealth(HealthEndpointSupport.java:172)
	at org.springframework.boot.actuate.health.HealthEndpointSupport.getContribution(HealthEndpointSupport.java:145)
	at org.springframework.boot.actuate.health.HealthEndpointSupport.getAggregateContribution(HealthEndpointSupport.java:156)
	at org.springframework.boot.actuate.health.HealthEndpointSupport.getContribution(HealthEndpointSupport.java:141)
	at org.springframework.boot.actuate.health.HealthEndpointSupport.getHealth(HealthEndpointSupport.java:110)
	at org.springframework.boot.actuate.health.HealthEndpointSupport.getHealth(HealthEndpointSupport.java:81)
	at org.springframework.boot.actuate.health.HealthEndpoint.health(HealthEndpoint.java:76)
	at org.springframework.boot.actuate.health.HealthEndpoint.health(HealthEndpoint.java:66)
	at java.base/jdk.internal.reflect.NativeMethodAccessorImpl.invoke0(Native Method)
	at java.base/jdk.internal.reflect.NativeMethodAccessorImpl.invoke(NativeMethodAccessorImpl.java:77)
	at java.base/jdk.internal.reflect.DelegatingMethodAccessorImpl.invoke(DelegatingMethodAccessorImpl.java:43)
	at java.base/java.lang.reflect.Method.invoke(Method.java:568)
	at org.springframework.util.ReflectionUtils.invokeMethod(ReflectionUtils.java:281)
	at org.springframework.boot.actuate.endpoint.invoke.reflect.ReflectiveOperationInvoker.invoke(ReflectiveOperationInvoker.java:74)
	at org.springframework.boot.actuate.endpoint.annotation.AbstractDiscoveredOperation.invoke(AbstractDiscoveredOperation.java:60)
	at org.springframework.boot.actuate.endpoint.jmx.EndpointMBean.invoke(EndpointMBean.java:124)
	at org.springframework.boot.actuate.endpoint.jmx.EndpointMBean.invoke(EndpointMBean.java:97)
	at java.management/com.sun.jmx.interceptor.DefaultMBeanServerInterceptor.invoke(DefaultMBeanServerInterceptor.java:814)
	at java.management/com.sun.jmx.mbeanserver.JmxMBeanServer.invoke(JmxMBeanServer.java:802)
	at java.management.rmi/javax.management.remote.rmi.RMIConnectionImpl.doOperation(RMIConnectionImpl.java:1472)
	at java.management.rmi/javax.management.remote.rmi.RMIConnectionImpl$PrivilegedOperation.run(RMIConnectionImpl.java:1310)
	at java.management.rmi/javax.management.remote.rmi.RMIConnectionImpl.doPrivilegedOperation(RMIConnectionImpl.java:1405)
	at java.management.rmi/javax.management.remote.rmi.RMIConnectionImpl.invoke(RMIConnectionImpl.java:829)
	at java.base/jdk.internal.reflect.GeneratedMethodAccessor53.invoke(Unknown Source)
	at java.base/jdk.internal.reflect.DelegatingMethodAccessorImpl.invoke(DelegatingMethodAccessorImpl.java:43)
	at java.base/java.lang.reflect.Method.invoke(Method.java:568)
	at java.rmi/sun.rmi.server.UnicastServerRef.dispatch(UnicastServerRef.java:360)
	at java.rmi/sun.rmi.transport.Transport$1.run(Transport.java:200)
	at java.rmi/sun.rmi.transport.Transport$1.run(Transport.java:197)
	at java.base/java.security.AccessController.doPrivileged(AccessController.java:712)
	at java.rmi/sun.rmi.transport.Transport.serviceCall(Transport.java:196)
	at java.rmi/sun.rmi.transport.tcp.TCPTransport.handleMessages(TCPTransport.java:587)
	at java.rmi/sun.rmi.transport.tcp.TCPTransport$ConnectionHandler.run0(TCPTransport.java:828)
	at java.rmi/sun.rmi.transport.tcp.TCPTransport$ConnectionHandler.lambda$run$0(TCPTransport.java:705)
	at java.base/java.security.AccessController.doPrivileged(AccessController.java:399)
	at java.rmi/sun.rmi.transport.tcp.TCPTransport$ConnectionHandler.run(TCPTransport.java:704)
	at java.base/java.util.concurrent.ThreadPoolExecutor.runWorker(ThreadPoolExecutor.java:1136)
	at java.base/java.util.concurrent.ThreadPoolExecutor$Worker.run(ThreadPoolExecutor.java:635)
	at java.base/java.lang.Thread.run(Thread.java:833)
Caused by: java.net.ConnectException: Connection refused: no further information
	at java.base/sun.nio.ch.Net.pollConnect(Native Method)
	at java.base/sun.nio.ch.Net.pollConnectNow(Net.java:672)
	at java.base/sun.nio.ch.NioSocketImpl.timedFinishConnect(NioSocketImpl.java:549)
	at java.base/sun.nio.ch.NioSocketImpl.connect(NioSocketImpl.java:597)
	at java.base/java.net.SocksSocketImpl.connect(SocksSocketImpl.java:327)
	at java.base/java.net.Socket.connect(Socket.java:633)
	at com.rabbitmq.client.impl.SocketFrameHandlerFactory.create(SocketFrameHandlerFactory.java:59)
	at com.rabbitmq.client.ConnectionFactory.newConnection(ConnectionFactory.java:1223)
	at com.rabbitmq.client.ConnectionFactory.newConnection(ConnectionFactory.java:1173)
	at org.springframework.amqp.rabbit.connection.AbstractConnectionFactory.connectAddresses(AbstractConnectionFactory.java:632)
	at org.springframework.amqp.rabbit.connection.AbstractConnectionFactory.connect(AbstractConnectionFactory.java:607)
	at org.springframework.amqp.rabbit.connection.AbstractConnectionFactory.createBareConnection(AbstractConnectionFactory.java:557)
	... 53 common frames omitted
2023-05-05 18:34:35,226 WARN (HealthEndpointSupport.java:181)- Health contributor org.springframework.boot.actuate.amqp.RabbitHealthIndicator (rabbit) took 26273ms to respond
2023-05-05 18:35:35,645 DEBUG (BaseJdbcLogger.java:137)- ==>  Preparing: SELECT id,type,sort,book_id,create_time,update_time FROM home_book ORDER BY sort ASC
2023-05-05 18:35:35,646 DEBUG (BaseJdbcLogger.java:137)- ==> Parameters: 
2023-05-05 18:35:35,657 DEBUG (BaseJdbcLogger.java:137)- <==      Total: 31
2023-05-05 18:35:35,663 WARN (RoundRobinLoadBalancer.java:98)- No servers available for service: novel-book-service
2023-05-05 18:35:35,664 WARN (RetryableFeignBlockingLoadBalancerClient.java:166)- Service instance was not resolved, executing the original request
2023-05-05 18:36:11,578 DEBUG (BaseJdbcLogger.java:137)- ==>  Preparing: SELECT id,type,sort,book_id,create_time,update_time FROM home_book ORDER BY sort ASC
2023-05-05 18:36:11,580 DEBUG (BaseJdbcLogger.java:137)- ==> Parameters: 
2023-05-05 18:36:11,590 DEBUG (BaseJdbcLogger.java:137)- <==      Total: 31
2023-05-05 18:36:11,594 WARN (RoundRobinLoadBalancer.java:98)- No servers available for service: novel-book-service
2023-05-05 18:36:11,594 WARN (RetryableFeignBlockingLoadBalancerClient.java:166)- Service instance was not resolved, executing the original request
2023-05-05 18:36:29,790 DEBUG (BaseJdbcLogger.java:137)- ==>  Preparing: SELECT id,type,sort,book_id,create_time,update_time FROM home_book ORDER BY sort ASC
2023-05-05 18:36:29,792 DEBUG (BaseJdbcLogger.java:137)- ==> Parameters: 
2023-05-05 18:36:29,805 DEBUG (BaseJdbcLogger.java:137)- <==      Total: 31
2023-05-05 18:36:45,534 WARN (RoundRobinLoadBalancer.java:98)- No servers available for service: novel-book-service
2023-05-05 18:36:45,535 WARN (RetryableFeignBlockingLoadBalancerClient.java:166)- Service instance was not resolved, executing the original request
2023-05-05 18:37:39,517 WARN (HikariPool.java:804)- HikariPool-1 - Thread starvation or clock leap detected (housekeeper delta=1m13s751ms454s100ns).
2023-05-05 18:37:39,522 INFO (LoggerUtils.java:60)- [8faa0725-1f81-40b2-82e3-7c992f379b1a] Receive server push request, request = NotifySubscriberRequest, requestId = 2
2023-05-05 18:37:39,522 INFO (ServiceInfoHolder.java:235)- new ips(1) service: DEFAULT_GROUP@@novel-book-service -> [{"ip":"172.24.49.103","port":9020,"weight":1.0,"healthy":true,"enabled":true,"ephemeral":true,"clusterName":"DEFAULT","serviceName":"DEFAULT_GROUP@@novel-book-service","metadata":{"preserved.register.source":"SPRING_CLOUD"},"instanceHeartBeatInterval":5000,"instanceHeartBeatTimeOut":15000,"ipDeleteTimeout":30000}]
2023-05-05 18:37:39,522 INFO (ServiceInfoHolder.java:169)- current ips:(1) service: DEFAULT_GROUP@@novel-book-service -> [{"ip":"172.24.49.103","port":9020,"weight":1.0,"healthy":true,"enabled":true,"ephemeral":true,"clusterName":"DEFAULT","serviceName":"DEFAULT_GROUP@@novel-book-service","metadata":{"preserved.register.source":"SPRING_CLOUD"},"instanceHeartBeatInterval":5000,"instanceHeartBeatTimeOut":15000,"ipDeleteTimeout":30000}]
2023-05-05 18:37:39,531 INFO (LoggerUtils.java:60)- [8faa0725-1f81-40b2-82e3-7c992f379b1a] Ack server push request, request = NotifySubscriberRequest, requestId = 2
2023-05-05 18:37:56,651 DEBUG (BaseJdbcLogger.java:137)- ==>  Preparing: SELECT id,type,sort,book_id,create_time,update_time FROM home_book ORDER BY sort ASC
2023-05-05 18:37:56,653 DEBUG (BaseJdbcLogger.java:137)- ==> Parameters: 
2023-05-05 18:37:56,665 DEBUG (BaseJdbcLogger.java:137)- <==      Total: 31
2023-05-05 19:37:51,047 WARN (HttpClientBeanHolder.java:102)- [HttpClientBeanHolder] Start destroying common HttpClient
2023-05-05 19:37:51,047 WARN (NotifyCenter.java:136)- [NotifyCenter] Start destroying Publisher
2023-05-05 19:37:51,049 WARN (NotifyCenter.java:153)- [NotifyCenter] Destruction of the end
2023-05-05 19:37:51,050 WARN (HttpClientBeanHolder.java:111)- [HttpClientBeanHolder] Destruction of the end
2023-05-05 19:37:51,054 INFO (QuartzScheduler.java:585)- Scheduler quartzScheduler_$_NON_CLUSTERED paused.
2023-05-05 19:37:51,058 INFO (Undertow.java:259)- stopping server: Undertow - 2.3.5.Final
2023-05-05 19:37:51,066 INFO (ServletContextImpl.java:372)- Destroying Spring FrameworkServlet 'dispatcherServlet'
2023-05-05 19:37:51,075 INFO (SchedulerFactoryBean.java:847)- Shutting down Quartz Scheduler
2023-05-05 19:37:51,075 INFO (QuartzScheduler.java:666)- Scheduler quartzScheduler_$_NON_CLUSTERED shutting down.
2023-05-05 19:37:51,075 INFO (QuartzScheduler.java:585)- Scheduler quartzScheduler_$_NON_CLUSTERED paused.
2023-05-05 19:37:51,076 INFO (QuartzScheduler.java:740)- Scheduler quartzScheduler_$_NON_CLUSTERED shutdown complete.
2023-05-05 19:37:51,082 INFO (NacosServiceRegistry.java:95)- De-registering from Nacos Server now...
2023-05-05 19:37:51,082 INFO (NamingGrpcClientProxy.java:216)- [DEREGISTER-SERVICE] public deregistering service novel-home-service with instance: Instance{instanceId='null', ip='172.24.49.103', port=9001, weight=1.0, healthy=true, enabled=true, ephemeral=true, clusterName='DEFAULT', serviceName='null', metadata={}}
2023-05-05 19:37:51,100 INFO (NacosServiceRegistry.java:115)- De-registration finished.
2023-05-05 19:37:51,101 INFO (ServiceInfoHolder.java:256)- com.alibaba.nacos.client.naming.cache.ServiceInfoHolder do shutdown begin
2023-05-05 19:37:51,102 INFO (FailoverReactor.java:133)- com.alibaba.nacos.client.naming.backups.FailoverReactor do shutdown begin
2023-05-05 19:37:51,102 INFO (FailoverReactor.java:135)- com.alibaba.nacos.client.naming.backups.FailoverReactor do shutdown stop
2023-05-05 19:37:51,103 INFO (ServiceInfoHolder.java:258)- com.alibaba.nacos.client.naming.cache.ServiceInfoHolder do shutdown stop
2023-05-05 19:37:51,103 INFO (NamingClientProxyDelegate.java:204)- com.alibaba.nacos.client.naming.remote.NamingClientProxyDelegate do shutdown begin
2023-05-05 19:37:51,103 INFO (ServiceInfoUpdateService.java:143)- com.alibaba.nacos.client.naming.core.ServiceInfoUpdateService do shutdown begin
2023-05-05 19:37:51,103 INFO (ServiceInfoUpdateService.java:145)- com.alibaba.nacos.client.naming.core.ServiceInfoUpdateService do shutdown stop
2023-05-05 19:37:51,103 INFO (ServerListManager.java:194)- com.alibaba.nacos.client.naming.core.ServerListManager do shutdown begin
2023-05-05 19:37:51,104 WARN (NamingHttpClientManager.java:74)- [NamingHttpClientManager] Start destroying NacosRestTemplate
2023-05-05 19:37:51,104 WARN (NamingHttpClientManager.java:81)- [NamingHttpClientManager] Destruction of the end
2023-05-05 19:37:51,104 INFO (ServerListManager.java:199)- com.alibaba.nacos.client.naming.core.ServerListManager do shutdown stop
2023-05-05 19:37:51,104 INFO (NamingHttpClientProxy.java:484)- com.alibaba.nacos.client.naming.remote.http.NamingHttpClientProxy do shutdown begin
2023-05-05 19:37:51,104 WARN (NamingHttpClientManager.java:74)- [NamingHttpClientManager] Start destroying NacosRestTemplate
2023-05-05 19:37:51,104 WARN (NamingHttpClientManager.java:81)- [NamingHttpClientManager] Destruction of the end
2023-05-05 19:37:51,104 INFO (NamingHttpClientProxy.java:486)- com.alibaba.nacos.client.naming.remote.http.NamingHttpClientProxy do shutdown stop
2023-05-05 19:37:51,104 INFO (RpcClient.java:425)- Shutdown rpc client, set status to shutdown
2023-05-05 19:37:51,105 INFO (RpcClient.java:427)- Shutdown client event executor java.util.concurrent.ScheduledThreadPoolExecutor@2c007f02[Running, pool size = 2, active threads = 2, queued tasks = 0, completed tasks = 0]
2023-05-05 19:37:51,105 INFO (RpcClient.java:580)- Close current connection 1683282846572_192.168.101.1_57224
2023-05-05 19:37:51,107 INFO (LoggerUtils.java:60)- [1683282846572_192.168.101.1_57224]Ignore complete event,isRunning:false,isAbandon=false
2023-05-05 19:37:51,108 INFO (GrpcClient.java:140)- Shutdown grpc executor java.util.concurrent.ThreadPoolExecutor@26d1b520[Running, pool size = 4, active threads = 0, queued tasks = 0, completed tasks = 768]
2023-05-05 19:37:51,108 INFO (NamingGrpcRedoService.java:292)- Shutdown grpc redo service executor java.util.concurrent.ScheduledThreadPoolExecutor@314e7c50[Running, pool size = 1, active threads = 0, queued tasks = 1, completed tasks = 1231]
2023-05-05 19:37:51,108 INFO (CredentialWatcher.java:106)- [null] CredentialWatcher is stopped
2023-05-05 19:37:51,109 INFO (CredentialService.java:100)- [null] CredentialService is freed
2023-05-05 19:37:51,109 INFO (NamingClientProxyDelegate.java:211)- com.alibaba.nacos.client.naming.remote.NamingClientProxyDelegate do shutdown stop
2023-05-05 19:37:51,133 INFO (HikariDataSource.java:350)- HikariPool-1 - Shutdown initiated...
2023-05-05 19:37:51,135 INFO (HikariDataSource.java:352)- HikariPool-1 - Shutdown completed.
