2023-05-04 19:28:05,431 WARN (NacosLogging.java:64)- Load Logback Configuration of Nacos fail, message: org/slf4j/impl/StaticLoggerBinder
2023-05-04 19:28:05,434 WARN (NacosLogging.java:64)- Load Logback Configuration of Nacos fail, message: org/slf4j/impl/StaticLoggerBinder
2023-05-04 19:28:05,451 INFO (LocalConfigInfoProcessor.java:68)- LOCAL_SNAPSHOT_PATH:C:\Users\41038\nacos\config
2023-05-04 19:28:05,455 INFO (RpcClientFactory.java:94)- [RpcClientFactory] create a new rpc client of f2053fad-4292-45fd-9bba-527c7edf3542_config-0
2023-05-04 19:28:05,471 INFO (LoggerUtils.java:60)- [f2053fad-4292-45fd-9bba-527c7edf3542_config-0] Register server push request handler:com.alibaba.nacos.client.config.impl.ClientWorker$ConfigRpcTransportClient$$Lambda$652/0x0000000800fc6710
2023-05-04 19:28:05,473 INFO (LoggerUtils.java:60)- [f2053fad-4292-45fd-9bba-527c7edf3542_config-0] Register server push request handler:com.alibaba.nacos.client.config.impl.ClientWorker$ConfigRpcTransportClient$$Lambda$653/0x0000000800fc6b30
2023-05-04 19:28:05,474 INFO (LoggerUtils.java:60)- [f2053fad-4292-45fd-9bba-527c7edf3542_config-0] Registry connection listener to current client:com.alibaba.nacos.client.config.impl.ClientWorker$ConfigRpcTransportClient$1
2023-05-04 19:28:05,475 INFO (LoggerUtils.java:60)- [f2053fad-4292-45fd-9bba-527c7edf3542_config-0] RpcClient init, ServerListFactory = com.alibaba.nacos.client.config.impl.ClientWorker$ConfigRpcTransportClient$2
2023-05-04 19:28:05,487 INFO (LoggerUtils.java:60)- [f2053fad-4292-45fd-9bba-527c7edf3542_config-0] Try to connect to server on start up, server: {serverIp = '192.168.101.130', server main port = 8848}
2023-05-04 19:28:06,665 INFO (LoggerUtils.java:60)- [f2053fad-4292-45fd-9bba-527c7edf3542_config-0] Success to connect to server [192.168.101.130:8848] on start up, connectionId = 1683199685363_192.168.101.1_58067
2023-05-04 19:28:06,666 INFO (LoggerUtils.java:60)- [f2053fad-4292-45fd-9bba-527c7edf3542_config-0] Notify connected event to listeners.
2023-05-04 19:28:06,667 INFO (ClientWorker.java:638)- [f2053fad-4292-45fd-9bba-527c7edf3542_config-0] Connected,notify listen context...
2023-05-04 19:28:06,667 INFO (LoggerUtils.java:60)- [f2053fad-4292-45fd-9bba-527c7edf3542_config-0] Register server push request handler:com.alibaba.nacos.common.remote.client.RpcClient$ConnectResetRequestHandler
2023-05-04 19:28:06,667 INFO (LoggerUtils.java:60)- [f2053fad-4292-45fd-9bba-527c7edf3542_config-0] Register server push request handler:com.alibaba.nacos.common.remote.client.RpcClient$$Lambda$672/0x00000008010f8000
2023-05-04 19:28:06,696 INFO (Limiter.java:62)- limitTime:5.0
2023-05-04 19:28:06,711 INFO (JvmUtil.java:54)- isMultiInstance:false
2023-05-04 19:28:06,730 WARN (NacosPropertySourceBuilder.java:87)- Ignore the empty nacos configuration and get it based on dataId[novel-rabbitmq.yml] & group[DEFAULT_GROUP]
2023-05-04 19:28:06,735 WARN (NacosPropertySourceBuilder.java:87)- Ignore the empty nacos configuration and get it based on dataId[novel-news-service] & group[DEFAULT_GROUP]
2023-05-04 19:28:06,741 WARN (NacosPropertySourceBuilder.java:87)- Ignore the empty nacos configuration and get it based on dataId[novel-news-service.yml] & group[DEFAULT_GROUP]
2023-05-04 19:28:06,747 WARN (NacosPropertySourceBuilder.java:87)- Ignore the empty nacos configuration and get it based on dataId[novel-news-service-common.yml] & group[DEFAULT_GROUP]
2023-05-04 19:28:06,753 WARN (NacosPropertySourceBuilder.java:87)- Ignore the empty nacos configuration and get it based on dataId[novel-news-service-dev.yml] & group[DEFAULT_GROUP]
2023-05-04 19:28:06,754 INFO (PropertySourceBootstrapConfiguration.java:108)- Located property source: [BootstrapPropertySource {name='bootstrapProperties-novel-news-service-dev.yml,DEFAULT_GROUP'}, BootstrapPropertySource {name='bootstrapProperties-novel-news-service-common.yml,DEFAULT_GROUP'}, BootstrapPropertySource {name='bootstrapProperties-novel-news-service.yml,DEFAULT_GROUP'}, BootstrapPropertySource {name='bootstrapProperties-novel-news-service,DEFAULT_GROUP'}, BootstrapPropertySource {name='bootstrapProperties-novel-rabbitmq.yml,DEFAULT_GROUP'}, BootstrapPropertySource {name='bootstrapProperties-novel-redis.yml,DEFAULT_GROUP'}, BootstrapPropertySource {name='bootstrapProperties-novel-mysql.yml,DEFAULT_GROUP'}]
2023-05-04 19:28:06,759 INFO (SpringApplication.java:638)- The following 2 profiles are active: "common", "dev"
2023-05-04 19:28:07,860 INFO (RepositoryConfigurationDelegate.java:291)- Multiple Spring Data modules found, entering strict repository configuration mode
2023-05-04 19:28:07,864 INFO (RepositoryConfigurationDelegate.java:138)- Bootstrapping Spring Data Redis repositories in DEFAULT mode.
2023-05-04 19:28:07,892 INFO (RepositoryConfigurationDelegate.java:208)- Finished Spring Data repository scanning in 9 ms. Found 0 Redis repository interfaces.
2023-05-04 19:28:08,191 INFO (GenericScope.java:282)- BeanFactory id=65745d27-3ec1-3b85-baea-68a2eece2786
2023-05-04 19:28:08,911 WARN (Bootstrap.java:68)- UT026010: Buffer pool was not set on WebSocketDeploymentInfo, the default pool will be used
2023-05-04 19:28:08,926 INFO (ServletContextImpl.java:372)- Initializing Spring embedded WebApplicationContext
2023-05-04 19:28:08,927 INFO (ServletWebServerApplicationContext.java:291)- Root WebApplicationContext: initialization completed in 2145 ms
2023-05-04 19:28:09,563 INFO (Version.java:41)- Redisson 3.19.1
2023-05-04 19:28:09,798 INFO (ConnectionPool.java:162)- 1 connections initialized for 192.168.101.130/192.168.101.130:6379
2023-05-04 19:28:09,858 INFO (ConnectionPool.java:162)- 24 connections initialized for 192.168.101.130/192.168.101.130:6379
2023-05-04 19:28:10,219 INFO (SentinelWebMvcConfigurer.java:52)- [Sentinel Starter] register SentinelWebInterceptor with urlPatterns: [/**].
2023-05-04 19:28:11,590 INFO (StdSchedulerFactory.java:1220)- Using default implementation for ThreadExecutor
2023-05-04 19:28:11,598 INFO (SchedulerSignalerImpl.java:61)- Initialized Scheduler Signaller of type: class org.quartz.core.SchedulerSignalerImpl
2023-05-04 19:28:11,599 INFO (QuartzScheduler.java:229)- Quartz Scheduler v.2.3.2 created.
2023-05-04 19:28:11,600 INFO (RAMJobStore.java:155)- RAMJobStore initialized.
2023-05-04 19:28:11,601 INFO (QuartzScheduler.java:294)- Scheduler meta-data: Quartz Scheduler (v2.3.2) 'quartzScheduler' with instanceId 'NON_CLUSTERED'
  Scheduler class: 'org.quartz.core.QuartzScheduler' - running locally.
  NOT STARTED.
  Currently in standby mode.
  Number of jobs executed: 0
  Using thread pool 'org.quartz.simpl.SimpleThreadPool' - with 10 threads.
  Using job-store 'org.quartz.simpl.RAMJobStore' - which does not support persistence. and is not clustered.

2023-05-04 19:28:11,601 INFO (StdSchedulerFactory.java:1374)- Quartz scheduler 'quartzScheduler' initialized from an externally provided properties instance.
2023-05-04 19:28:11,601 INFO (StdSchedulerFactory.java:1378)- Quartz scheduler version: 2.3.2
2023-05-04 19:28:11,601 INFO (QuartzScheduler.java:2293)- JobFactory set to: org.springframework.scheduling.quartz.SpringBeanJobFactory@627b5e5b
2023-05-04 19:28:11,991 INFO (EndpointLinksResolver.java:58)- Exposing 21 endpoint(s) beneath base path '/actuator'
2023-05-04 19:28:12,087 WARN (LocalVariableTableParameterNameDiscoverer.java:123)- Using deprecated '-debug' fallback for parameter name resolution. Compile the affected code with '-parameters' instead or avoid its introspection: org.springframework.amqp.rabbit.core.RabbitAdmin
2023-05-04 19:28:12,115 INFO (Undertow.java:120)- starting server: Undertow - 2.3.5.Final
2023-05-04 19:28:12,121 INFO (Xnio.java:95)- XNIO version 3.8.8.Final
2023-05-04 19:28:12,128 INFO (NioXnio.java:58)- XNIO NIO Implementation Version 3.8.8.Final
2023-05-04 19:28:12,147 INFO (Version.java:55)- JBoss Threads version 3.5.0.Final
2023-05-04 19:28:12,195 INFO (UndertowWebServer.java:121)- Undertow started on port(s) 9030 (http)
2023-05-04 19:28:12,200 INFO (SearchableProperties.java:197)- properties search order:PROPERTIES->JVM->ENV->DEFAULT_SETTING
2023-05-04 19:28:12,201 INFO (InitUtils.java:61)- initializer namespace from System Property : null
2023-05-04 19:28:12,202 INFO (InitUtils.java:65)- initializer namespace from System Environment :null
2023-05-04 19:28:12,202 INFO (InitUtils.java:72)- initializer namespace from System Property :
2023-05-04 19:28:12,210 INFO (ClientAuthPluginManager.java:56)- [ClientAuthPluginManager] Load ClientAuthService com.alibaba.nacos.client.auth.impl.NacosClientAuthServiceImpl success.
2023-05-04 19:28:12,210 INFO (ClientAuthPluginManager.java:56)- [ClientAuthPluginManager] Load ClientAuthService com.alibaba.nacos.client.auth.ram.RamClientAuthServiceImpl success.
2023-05-04 19:28:12,213 INFO (RpcClientFactory.java:94)- [RpcClientFactory] create a new rpc client of b989c1a9-259b-47d2-92f0-86e12c148017
2023-05-04 19:28:12,216 INFO (LoggerUtils.java:60)- [b989c1a9-259b-47d2-92f0-86e12c148017] RpcClient init, ServerListFactory = com.alibaba.nacos.client.naming.core.ServerListManager
2023-05-04 19:28:12,217 INFO (LoggerUtils.java:60)- [b989c1a9-259b-47d2-92f0-86e12c148017] Registry connection listener to current client:com.alibaba.nacos.client.naming.remote.gprc.redo.NamingGrpcRedoService
2023-05-04 19:28:12,218 INFO (LoggerUtils.java:60)- [b989c1a9-259b-47d2-92f0-86e12c148017] Register server push request handler:com.alibaba.nacos.client.naming.remote.gprc.NamingPushRequestHandler
2023-05-04 19:28:12,218 INFO (LoggerUtils.java:60)- [b989c1a9-259b-47d2-92f0-86e12c148017] Try to connect to server on start up, server: {serverIp = '192.168.101.130', server main port = 8848}
2023-05-04 19:28:12,348 INFO (LoggerUtils.java:60)- [b989c1a9-259b-47d2-92f0-86e12c148017] Success to connect to server [192.168.101.130:8848] on start up, connectionId = 1683199691188_192.168.101.1_58109
2023-05-04 19:28:12,348 INFO (LoggerUtils.java:60)- [b989c1a9-259b-47d2-92f0-86e12c148017] Notify connected event to listeners.
2023-05-04 19:28:12,348 INFO (LoggerUtils.java:60)- [b989c1a9-259b-47d2-92f0-86e12c148017] Register server push request handler:com.alibaba.nacos.common.remote.client.RpcClient$ConnectResetRequestHandler
2023-05-04 19:28:12,348 INFO (NamingGrpcRedoService.java:78)- Grpc connection connect
2023-05-04 19:28:12,348 INFO (LoggerUtils.java:60)- [b989c1a9-259b-47d2-92f0-86e12c148017] Register server push request handler:com.alibaba.nacos.common.remote.client.RpcClient$$Lambda$672/0x00000008010f8000
2023-05-04 19:28:12,351 INFO (NamingGrpcClientProxy.java:120)- [REGISTER-SERVICE] public registering service novel-news-service with instance Instance{instanceId='null', ip='172.24.49.103', port=9030, weight=1.0, healthy=true, enabled=true, ephemeral=true, clusterName='DEFAULT', serviceName='null', metadata={preserved.register.source=SPRING_CLOUD}}
2023-05-04 19:28:12,365 INFO (NacosServiceRegistry.java:76)- nacos registry, DEFAULT_GROUP novel-news-service 172.24.49.103:9030 register finished
2023-05-04 19:28:12,478 INFO (SchedulerFactoryBean.java:729)- Starting Quartz Scheduler now
2023-05-04 19:28:12,479 INFO (QuartzScheduler.java:547)- Scheduler quartzScheduler_$_NON_CLUSTERED started.
2023-05-04 19:28:12,495 INFO (StartupInfoLogger.java:57)- Started NovelNewsApplication in 8.514 seconds (process running for 9.178)
2023-05-04 19:28:12,501 INFO (CacheData.java:67)- nacos.cache.data.init.snapshot = true 
2023-05-04 19:28:12,501 INFO (ClientWorker.java:379)- [fixed-192.168.101.130_8848] [subscribe] novel-news-service+DEFAULT_GROUP
2023-05-04 19:28:12,508 INFO (CacheData.java:197)- [fixed-192.168.101.130_8848] [add-listener] ok, tenant=, dataId=novel-news-service, group=DEFAULT_GROUP, cnt=1
2023-05-04 19:28:12,509 INFO (NacosContextRefresher.java:129)- [Nacos Config] Listening config: dataId=novel-news-service, group=DEFAULT_GROUP
2023-05-04 19:28:12,509 INFO (ClientWorker.java:379)- [fixed-192.168.101.130_8848] [subscribe] novel-news-service-common.yml+DEFAULT_GROUP
2023-05-04 19:28:12,509 INFO (CacheData.java:197)- [fixed-192.168.101.130_8848] [add-listener] ok, tenant=, dataId=novel-news-service-common.yml, group=DEFAULT_GROUP, cnt=1
2023-05-04 19:28:12,510 INFO (NacosContextRefresher.java:129)- [Nacos Config] Listening config: dataId=novel-news-service-common.yml, group=DEFAULT_GROUP
2023-05-04 19:28:12,511 INFO (ClientWorker.java:379)- [fixed-192.168.101.130_8848] [subscribe] novel-mysql.yml+DEFAULT_GROUP
2023-05-04 19:28:12,511 INFO (CacheData.java:197)- [fixed-192.168.101.130_8848] [add-listener] ok, tenant=, dataId=novel-mysql.yml, group=DEFAULT_GROUP, cnt=1
2023-05-04 19:28:12,512 INFO (NacosContextRefresher.java:129)- [Nacos Config] Listening config: dataId=novel-mysql.yml, group=DEFAULT_GROUP
2023-05-04 19:28:12,513 INFO (ClientWorker.java:379)- [fixed-192.168.101.130_8848] [subscribe] novel-redis.yml+DEFAULT_GROUP
2023-05-04 19:28:12,514 INFO (CacheData.java:197)- [fixed-192.168.101.130_8848] [add-listener] ok, tenant=, dataId=novel-redis.yml, group=DEFAULT_GROUP, cnt=1
2023-05-04 19:28:12,514 INFO (NacosContextRefresher.java:129)- [Nacos Config] Listening config: dataId=novel-redis.yml, group=DEFAULT_GROUP
2023-05-04 19:28:12,514 INFO (ClientWorker.java:379)- [fixed-192.168.101.130_8848] [subscribe] novel-rabbitmq.yml+DEFAULT_GROUP
2023-05-04 19:28:12,514 INFO (CacheData.java:197)- [fixed-192.168.101.130_8848] [add-listener] ok, tenant=, dataId=novel-rabbitmq.yml, group=DEFAULT_GROUP, cnt=1
2023-05-04 19:28:12,514 INFO (NacosContextRefresher.java:129)- [Nacos Config] Listening config: dataId=novel-rabbitmq.yml, group=DEFAULT_GROUP
2023-05-04 19:28:12,640 INFO (ClientWorker.java:379)- [fixed-192.168.101.130_8848] [subscribe] novel-news-service-dev.yml+DEFAULT_GROUP
2023-05-04 19:28:12,640 INFO (CacheData.java:197)- [fixed-192.168.101.130_8848] [add-listener] ok, tenant=, dataId=novel-news-service-dev.yml, group=DEFAULT_GROUP, cnt=1
2023-05-04 19:28:12,640 INFO (NacosContextRefresher.java:129)- [Nacos Config] Listening config: dataId=novel-news-service-dev.yml, group=DEFAULT_GROUP
2023-05-04 19:28:12,640 INFO (ClientWorker.java:379)- [fixed-192.168.101.130_8848] [subscribe] novel-news-service.yml+DEFAULT_GROUP
2023-05-04 19:28:12,641 INFO (CacheData.java:197)- [fixed-192.168.101.130_8848] [add-listener] ok, tenant=, dataId=novel-news-service.yml, group=DEFAULT_GROUP, cnt=1
2023-05-04 19:28:12,641 INFO (NacosContextRefresher.java:129)- [Nacos Config] Listening config: dataId=novel-news-service.yml, group=DEFAULT_GROUP
2023-05-04 19:28:12,764 INFO (ServletContextImpl.java:372)- Initializing Spring DispatcherServlet 'dispatcherServlet'
2023-05-04 19:28:12,764 INFO (FrameworkServlet.java:532)- Initializing Servlet 'dispatcherServlet'
2023-05-04 19:28:12,767 INFO (FrameworkServlet.java:554)- Completed initialization in 3 ms
2023-05-04 19:28:12,796 INFO (AbstractConnectionFactory.java:630)- Attempting to connect to: [192.168.10.110:5672]
2023-05-04 19:28:17,834 INFO (AbstractConnectionFactory.java:630)- Attempting to connect to: [192.168.10.110:5672]
2023-05-04 19:28:22,894 INFO (AbstractConnectionFactory.java:630)- Attempting to connect to: [192.168.10.110:5672]
2023-05-04 19:28:24,920 WARN (AbstractHealthIndicator.java:94)- Rabbit health check failed
org.springframework.amqp.AmqpConnectException: java.net.ConnectException: Connection refused: no further information
	at org.springframework.amqp.rabbit.support.RabbitExceptionTranslator.convertRabbitAccessException(RabbitExceptionTranslator.java:61)
	at org.springframework.amqp.rabbit.connection.AbstractConnectionFactory.createBareConnection(AbstractConnectionFactory.java:594)
	at org.springframework.amqp.rabbit.connection.CachingConnectionFactory.createConnection(CachingConnectionFactory.java:687)
	at org.springframework.amqp.rabbit.connection.ConnectionFactoryUtils.createConnection(ConnectionFactoryUtils.java:257)
	at org.springframework.amqp.rabbit.core.RabbitTemplate.doExecute(RabbitTemplate.java:2225)
	at org.springframework.amqp.rabbit.core.RabbitTemplate.lambda$execute$13(RabbitTemplate.java:2187)
	at org.springframework.retry.support.RetryTemplate.doExecute(RetryTemplate.java:329)
	at org.springframework.retry.support.RetryTemplate.execute(RetryTemplate.java:225)
	at org.springframework.amqp.rabbit.core.RabbitTemplate.execute(RabbitTemplate.java:2186)
	at org.springframework.amqp.rabbit.core.RabbitTemplate.execute(RabbitTemplate.java:2178)
	at org.springframework.boot.actuate.amqp.RabbitHealthIndicator.getVersion(RabbitHealthIndicator.java:49)
	at org.springframework.boot.actuate.amqp.RabbitHealthIndicator.doHealthCheck(RabbitHealthIndicator.java:44)
	at org.springframework.boot.actuate.health.AbstractHealthIndicator.health(AbstractHealthIndicator.java:82)
	at org.springframework.boot.actuate.health.HealthIndicator.getHealth(HealthIndicator.java:37)
	at org.springframework.boot.actuate.health.HealthEndpoint.getHealth(HealthEndpoint.java:82)
	at org.springframework.boot.actuate.health.HealthEndpoint.getHealth(HealthEndpoint.java:41)
	at org.springframework.boot.actuate.health.HealthEndpointSupport.getLoggedHealth(HealthEndpointSupport.java:172)
	at org.springframework.boot.actuate.health.HealthEndpointSupport.getContribution(HealthEndpointSupport.java:145)
	at org.springframework.boot.actuate.health.HealthEndpointSupport.getAggregateContribution(HealthEndpointSupport.java:156)
	at org.springframework.boot.actuate.health.HealthEndpointSupport.getContribution(HealthEndpointSupport.java:141)
	at org.springframework.boot.actuate.health.HealthEndpointSupport.getHealth(HealthEndpointSupport.java:110)
	at org.springframework.boot.actuate.health.HealthEndpointSupport.getHealth(HealthEndpointSupport.java:81)
	at org.springframework.boot.actuate.health.HealthEndpoint.health(HealthEndpoint.java:76)
	at org.springframework.boot.actuate.health.HealthEndpoint.health(HealthEndpoint.java:66)
	at java.base/jdk.internal.reflect.NativeMethodAccessorImpl.invoke0(Native Method)
	at java.base/jdk.internal.reflect.NativeMethodAccessorImpl.invoke(NativeMethodAccessorImpl.java:77)
	at java.base/jdk.internal.reflect.DelegatingMethodAccessorImpl.invoke(DelegatingMethodAccessorImpl.java:43)
	at java.base/java.lang.reflect.Method.invoke(Method.java:568)
	at org.springframework.util.ReflectionUtils.invokeMethod(ReflectionUtils.java:281)
	at org.springframework.boot.actuate.endpoint.invoke.reflect.ReflectiveOperationInvoker.invoke(ReflectiveOperationInvoker.java:74)
	at org.springframework.boot.actuate.endpoint.annotation.AbstractDiscoveredOperation.invoke(AbstractDiscoveredOperation.java:60)
	at org.springframework.boot.actuate.endpoint.jmx.EndpointMBean.invoke(EndpointMBean.java:124)
	at org.springframework.boot.actuate.endpoint.jmx.EndpointMBean.invoke(EndpointMBean.java:97)
	at java.management/com.sun.jmx.interceptor.DefaultMBeanServerInterceptor.invoke(DefaultMBeanServerInterceptor.java:814)
	at java.management/com.sun.jmx.mbeanserver.JmxMBeanServer.invoke(JmxMBeanServer.java:802)
	at java.management.rmi/javax.management.remote.rmi.RMIConnectionImpl.doOperation(RMIConnectionImpl.java:1472)
	at java.management.rmi/javax.management.remote.rmi.RMIConnectionImpl$PrivilegedOperation.run(RMIConnectionImpl.java:1310)
	at java.management.rmi/javax.management.remote.rmi.RMIConnectionImpl.doPrivilegedOperation(RMIConnectionImpl.java:1405)
	at java.management.rmi/javax.management.remote.rmi.RMIConnectionImpl.invoke(RMIConnectionImpl.java:829)
	at java.base/jdk.internal.reflect.GeneratedMethodAccessor51.invoke(Unknown Source)
	at java.base/jdk.internal.reflect.DelegatingMethodAccessorImpl.invoke(DelegatingMethodAccessorImpl.java:43)
	at java.base/java.lang.reflect.Method.invoke(Method.java:568)
	at java.rmi/sun.rmi.server.UnicastServerRef.dispatch(UnicastServerRef.java:360)
	at java.rmi/sun.rmi.transport.Transport$1.run(Transport.java:200)
	at java.rmi/sun.rmi.transport.Transport$1.run(Transport.java:197)
	at java.base/java.security.AccessController.doPrivileged(AccessController.java:712)
	at java.rmi/sun.rmi.transport.Transport.serviceCall(Transport.java:196)
	at java.rmi/sun.rmi.transport.tcp.TCPTransport.handleMessages(TCPTransport.java:587)
	at java.rmi/sun.rmi.transport.tcp.TCPTransport$ConnectionHandler.run0(TCPTransport.java:828)
	at java.rmi/sun.rmi.transport.tcp.TCPTransport$ConnectionHandler.lambda$run$0(TCPTransport.java:705)
	at java.base/java.security.AccessController.doPrivileged(AccessController.java:399)
	at java.rmi/sun.rmi.transport.tcp.TCPTransport$ConnectionHandler.run(TCPTransport.java:704)
	at java.base/java.util.concurrent.ThreadPoolExecutor.runWorker(ThreadPoolExecutor.java:1136)
	at java.base/java.util.concurrent.ThreadPoolExecutor$Worker.run(ThreadPoolExecutor.java:635)
	at java.base/java.lang.Thread.run(Thread.java:833)
Caused by: java.net.ConnectException: Connection refused: no further information
	at java.base/sun.nio.ch.Net.pollConnect(Native Method)
	at java.base/sun.nio.ch.Net.pollConnectNow(Net.java:672)
	at java.base/sun.nio.ch.NioSocketImpl.timedFinishConnect(NioSocketImpl.java:549)
	at java.base/sun.nio.ch.NioSocketImpl.connect(NioSocketImpl.java:597)
	at java.base/java.net.SocksSocketImpl.connect(SocksSocketImpl.java:327)
	at java.base/java.net.Socket.connect(Socket.java:633)
	at com.rabbitmq.client.impl.SocketFrameHandlerFactory.create(SocketFrameHandlerFactory.java:59)
	at com.rabbitmq.client.ConnectionFactory.newConnection(ConnectionFactory.java:1223)
	at com.rabbitmq.client.ConnectionFactory.newConnection(ConnectionFactory.java:1173)
	at org.springframework.amqp.rabbit.connection.AbstractConnectionFactory.connectAddresses(AbstractConnectionFactory.java:632)
	at org.springframework.amqp.rabbit.connection.AbstractConnectionFactory.connect(AbstractConnectionFactory.java:607)
	at org.springframework.amqp.rabbit.connection.AbstractConnectionFactory.createBareConnection(AbstractConnectionFactory.java:557)
	... 53 common frames omitted
2023-05-04 19:28:24,926 WARN (HealthEndpointSupport.java:181)- Health contributor org.springframework.boot.actuate.amqp.RabbitHealthIndicator (rabbit) took 12135ms to respond
2023-05-04 19:28:24,932 INFO (HikariDataSource.java:110)- HikariPool-1 - Starting...
2023-05-04 19:28:25,146 INFO (HikariPool.java:565)- HikariPool-1 - Added connection com.mysql.cj.jdbc.ConnectionImpl@445809b8
2023-05-04 19:28:25,154 INFO (HikariDataSource.java:123)- HikariPool-1 - Start completed.
2023-05-04 19:28:32,144 DEBUG (BaseJdbcLogger.java:137)- ==>  Preparing: SELECT id,category_id,category_name,source_name,title,create_time,update_time FROM news_info ORDER BY create_time DESC limit 2
2023-05-04 19:28:32,177 DEBUG (BaseJdbcLogger.java:137)- ==> Parameters: 
2023-05-04 19:28:32,271 DEBUG (BaseJdbcLogger.java:137)- <==      Total: 2
2023-05-04 19:30:41,327 WARN (NotifyCenter.java:136)- [NotifyCenter] Start destroying Publisher
2023-05-04 19:30:41,327 WARN (HttpClientBeanHolder.java:102)- [HttpClientBeanHolder] Start destroying common HttpClient
2023-05-04 19:30:41,327 WARN (NotifyCenter.java:153)- [NotifyCenter] Destruction of the end
2023-05-04 19:30:41,327 WARN (HttpClientBeanHolder.java:111)- [HttpClientBeanHolder] Destruction of the end
2023-05-04 19:30:41,329 INFO (QuartzScheduler.java:585)- Scheduler quartzScheduler_$_NON_CLUSTERED paused.
2023-05-04 19:30:41,330 INFO (Undertow.java:259)- stopping server: Undertow - 2.3.5.Final
2023-05-04 19:30:41,334 INFO (ServletContextImpl.java:372)- Destroying Spring FrameworkServlet 'dispatcherServlet'
2023-05-04 19:30:41,341 INFO (SchedulerFactoryBean.java:847)- Shutting down Quartz Scheduler
2023-05-04 19:30:41,341 INFO (QuartzScheduler.java:666)- Scheduler quartzScheduler_$_NON_CLUSTERED shutting down.
2023-05-04 19:30:41,341 INFO (QuartzScheduler.java:585)- Scheduler quartzScheduler_$_NON_CLUSTERED paused.
2023-05-04 19:30:41,341 INFO (QuartzScheduler.java:740)- Scheduler quartzScheduler_$_NON_CLUSTERED shutdown complete.
2023-05-04 19:30:41,346 INFO (NacosServiceRegistry.java:95)- De-registering from Nacos Server now...
2023-05-04 19:30:41,347 INFO (NamingGrpcClientProxy.java:216)- [DEREGISTER-SERVICE] public deregistering service novel-news-service with instance: Instance{instanceId='null', ip='172.24.49.103', port=9030, weight=1.0, healthy=true, enabled=true, ephemeral=true, clusterName='DEFAULT', serviceName='null', metadata={}}
2023-05-04 19:30:41,362 INFO (NacosServiceRegistry.java:115)- De-registration finished.
2023-05-04 19:30:41,364 INFO (ServiceInfoHolder.java:256)- com.alibaba.nacos.client.naming.cache.ServiceInfoHolder do shutdown begin
2023-05-04 19:30:41,364 INFO (FailoverReactor.java:133)- com.alibaba.nacos.client.naming.backups.FailoverReactor do shutdown begin
2023-05-04 19:30:41,366 INFO (FailoverReactor.java:135)- com.alibaba.nacos.client.naming.backups.FailoverReactor do shutdown stop
2023-05-04 19:30:41,366 INFO (ServiceInfoHolder.java:258)- com.alibaba.nacos.client.naming.cache.ServiceInfoHolder do shutdown stop
2023-05-04 19:30:41,366 INFO (NamingClientProxyDelegate.java:204)- com.alibaba.nacos.client.naming.remote.NamingClientProxyDelegate do shutdown begin
2023-05-04 19:30:41,366 INFO (ServiceInfoUpdateService.java:143)- com.alibaba.nacos.client.naming.core.ServiceInfoUpdateService do shutdown begin
2023-05-04 19:30:41,366 INFO (ServiceInfoUpdateService.java:145)- com.alibaba.nacos.client.naming.core.ServiceInfoUpdateService do shutdown stop
2023-05-04 19:30:41,367 INFO (ServerListManager.java:194)- com.alibaba.nacos.client.naming.core.ServerListManager do shutdown begin
2023-05-04 19:30:41,367 WARN (NamingHttpClientManager.java:74)- [NamingHttpClientManager] Start destroying NacosRestTemplate
2023-05-04 19:30:41,368 WARN (NamingHttpClientManager.java:81)- [NamingHttpClientManager] Destruction of the end
2023-05-04 19:30:41,368 INFO (ServerListManager.java:199)- com.alibaba.nacos.client.naming.core.ServerListManager do shutdown stop
2023-05-04 19:30:41,368 INFO (NamingHttpClientProxy.java:484)- com.alibaba.nacos.client.naming.remote.http.NamingHttpClientProxy do shutdown begin
2023-05-04 19:30:41,368 WARN (NamingHttpClientManager.java:74)- [NamingHttpClientManager] Start destroying NacosRestTemplate
2023-05-04 19:30:41,368 WARN (NamingHttpClientManager.java:81)- [NamingHttpClientManager] Destruction of the end
2023-05-04 19:30:41,368 INFO (NamingHttpClientProxy.java:486)- com.alibaba.nacos.client.naming.remote.http.NamingHttpClientProxy do shutdown stop
2023-05-04 19:30:41,368 INFO (RpcClient.java:425)- Shutdown rpc client, set status to shutdown
2023-05-04 19:30:41,368 INFO (RpcClient.java:427)- Shutdown client event executor java.util.concurrent.ScheduledThreadPoolExecutor@6ddca4f3[Running, pool size = 2, active threads = 2, queued tasks = 0, completed tasks = 0]
2023-05-04 19:30:41,368 INFO (RpcClient.java:580)- Close current connection 1683199691188_192.168.101.1_58109
2023-05-04 19:30:41,373 INFO (GrpcClient.java:140)- Shutdown grpc executor java.util.concurrent.ThreadPoolExecutor@6c56945d[Running, pool size = 3, active threads = 0, queued tasks = 0, completed tasks = 36]
2023-05-04 19:30:41,374 INFO (NamingGrpcRedoService.java:292)- Shutdown grpc redo service executor java.util.concurrent.ScheduledThreadPoolExecutor@711f33bb[Running, pool size = 1, active threads = 0, queued tasks = 1, completed tasks = 49]
2023-05-04 19:30:41,375 INFO (CredentialWatcher.java:106)- [null] CredentialWatcher is stopped
2023-05-04 19:30:41,375 INFO (CredentialService.java:100)- [null] CredentialService is freed
2023-05-04 19:30:41,375 INFO (NamingClientProxyDelegate.java:211)- com.alibaba.nacos.client.naming.remote.NamingClientProxyDelegate do shutdown stop
2023-05-04 19:30:41,401 INFO (HikariDataSource.java:350)- HikariPool-1 - Shutdown initiated...
2023-05-04 19:30:41,407 INFO (HikariDataSource.java:352)- HikariPool-1 - Shutdown completed.
